The system is: Darwin - 16.1.0 - x86_64
Compiling the C compiler identification source file "CMakeCCompilerId.c" succeeded.
Compiler:  
Build flags: 
Id flags: 

The output was:
0
=== BUILD TARGET CompilerIdC OF PROJECT CompilerIdC WITH THE DEFAULT CONFIGURATION (Debug) ===

Check dependencies

Write auxiliary files
write-file /Users/Diego/Documents/ECE\ -\ 275/Project\ 5/Build/CMakeFiles/3.6.1/CompilerIdC/CompilerIdC.build/Debug/CompilerIdC.build/CompilerIdC-generated-files.hmap
/bin/mkdir -p /Users/Diego/Documents/ECE\ -\ 275/Project\ 5/Build/CMakeFiles/3.6.1/CompilerIdC/CompilerIdC.build/Debug/CompilerIdC.build/Objects-normal/x86_64
write-file /Users/Diego/Documents/ECE\ -\ 275/Project\ 5/Build/CMakeFiles/3.6.1/CompilerIdC/CompilerIdC.build/Debug/CompilerIdC.build/Objects-normal/x86_64/CompilerIdC.LinkFileList
write-file /Users/Diego/Documents/ECE\ -\ 275/Project\ 5/Build/CMakeFiles/3.6.1/CompilerIdC/CompilerIdC.build/Debug/CompilerIdC.build/CompilerIdC-own-target-headers.hmap
write-file /Users/Diego/Documents/ECE\ -\ 275/Project\ 5/Build/CMakeFiles/3.6.1/CompilerIdC/CompilerIdC.build/Debug/CompilerIdC.build/CompilerIdC-all-non-framework-target-headers.hmap
write-file /Users/Diego/Documents/ECE\ -\ 275/Project\ 5/Build/CMakeFiles/3.6.1/CompilerIdC/CompilerIdC.build/Debug/CompilerIdC.build/Script-2C8FEB8E15DC1A1A00E56A5D.sh
chmod 0755 /Users/Diego/Documents/ECE\ -\ 275/Project\ 5/Build/CMakeFiles/3.6.1/CompilerIdC/CompilerIdC.build/Debug/CompilerIdC.build/Script-2C8FEB8E15DC1A1A00E56A5D.sh
write-file /Users/Diego/Documents/ECE\ -\ 275/Project\ 5/Build/CMakeFiles/3.6.1/CompilerIdC/CompilerIdC.build/Debug/CompilerIdC.build/CompilerIdC-project-headers.hmap
write-file /Users/Diego/Documents/ECE\ -\ 275/Project\ 5/Build/CMakeFiles/3.6.1/CompilerIdC/CompilerIdC.build/Debug/CompilerIdC.build/CompilerIdC-all-target-headers.hmap
write-file /Users/Diego/Documents/ECE\ -\ 275/Project\ 5/Build/CMakeFiles/3.6.1/CompilerIdC/CompilerIdC.build/Debug/CompilerIdC.build/CompilerIdC.hmap

CompileC CompilerIdC.build/Debug/CompilerIdC.build/Objects-normal/x86_64/CMakeCCompilerId.o CMakeCCompilerId.c normal x86_64 c com.apple.compilers.llvm.clang.1_0.compiler
    cd "/Users/Diego/Documents/ECE - 275/Project 5/Build/CMakeFiles/3.6.1/CompilerIdC"
    export LANG=en_US.US-ASCII
    /Applications/Xcode.app/Contents/Developer/Toolchains/XcodeDefault.xctoolchain/usr/bin/clang -x c -arch x86_64 -fmessage-length=0 -fdiagnostics-show-note-include-stack -fmacro-backtrace-limit=0 -Wno-trigraphs -fpascal-strings -Os -Wno-missing-field-initializers -Wno-missing-prototypes -Wno-return-type -Wno-missing-braces -Wparentheses -Wswitch -Wno-unused-function -Wno-unused-label -Wno-unused-parameter -Wno-unused-variable -Wunused-value -Wno-empty-body -Wno-uninitialized -Wno-unknown-pragmas -Wno-shadow -Wno-four-char-constants -Wno-conversion -Wno-constant-conversion -Wno-int-conversion -Wno-bool-conversion -Wno-enum-conversion -Wno-shorten-64-to-32 -Wpointer-sign -Wno-newline-eof -isysroot /Applications/Xcode.app/Contents/Developer/Platforms/MacOSX.platform/Developer/SDKs/MacOSX10.12.sdk -fasm-blocks -fstrict-aliasing -Wdeprecated-declarations -mmacosx-version-min=10.12 -g -fvisibility=hidden -Wno-sign-conversion -Wno-infinite-recursion -I/Users/Diego/Documents/ECE\ -\ 275/Project\ 5/Build/CMakeFiles/3.6.1/CompilerIdC/CompilerIdC.build/Debug/CompilerIdC.build/CompilerIdC.hmap -I/Users/Diego/Documents/ECE\ -\ 275/Project\ 5/Build/CMakeFiles/3.6.1/CompilerIdC/include -I/Users/Diego/Documents/ECE\ -\ 275/Project\ 5/Build/CMakeFiles/3.6.1/CompilerIdC/CompilerIdC.build/Debug/CompilerIdC.build/DerivedSources/x86_64 -I/Users/Diego/Documents/ECE\ -\ 275/Project\ 5/Build/CMakeFiles/3.6.1/CompilerIdC/CompilerIdC.build/Debug/CompilerIdC.build/DerivedSources -F/Users/Diego/Documents/ECE\ -\ 275/Project\ 5/Build/CMakeFiles/3.6.1/CompilerIdC -MMD -MT dependencies -MF /Users/Diego/Documents/ECE\ -\ 275/Project\ 5/Build/CMakeFiles/3.6.1/CompilerIdC/CompilerIdC.build/Debug/CompilerIdC.build/Objects-normal/x86_64/CMakeCCompilerId.d --serialize-diagnostics /Users/Diego/Documents/ECE\ -\ 275/Project\ 5/Build/CMakeFiles/3.6.1/CompilerIdC/CompilerIdC.build/Debug/CompilerIdC.build/Objects-normal/x86_64/CMakeCCompilerId.dia -c /Users/Diego/Documents/ECE\ -\ 275/Project\ 5/Build/CMakeFiles/3.6.1/CompilerIdC/CMakeCCompilerId.c -o /Users/Diego/Documents/ECE\ -\ 275/Project\ 5/Build/CMakeFiles/3.6.1/CompilerIdC/CompilerIdC.build/Debug/CompilerIdC.build/Objects-normal/x86_64/CMakeCCompilerId.o

Ld CompilerIdC normal x86_64
    cd "/Users/Diego/Documents/ECE - 275/Project 5/Build/CMakeFiles/3.6.1/CompilerIdC"
    export MACOSX_DEPLOYMENT_TARGET=10.12
    /Applications/Xcode.app/Contents/Developer/Toolchains/XcodeDefault.xctoolchain/usr/bin/clang -arch x86_64 -isysroot /Applications/Xcode.app/Contents/Developer/Platforms/MacOSX.platform/Developer/SDKs/MacOSX10.12.sdk -L/Users/Diego/Documents/ECE\ -\ 275/Project\ 5/Build/CMakeFiles/3.6.1/CompilerIdC -F/Users/Diego/Documents/ECE\ -\ 275/Project\ 5/Build/CMakeFiles/3.6.1/CompilerIdC -filelist /Users/Diego/Documents/ECE\ -\ 275/Project\ 5/Build/CMakeFiles/3.6.1/CompilerIdC/CompilerIdC.build/Debug/CompilerIdC.build/Objects-normal/x86_64/CompilerIdC.LinkFileList -mmacosx-version-min=10.12 -Xlinker -object_path_lto -Xlinker /Users/Diego/Documents/ECE\ -\ 275/Project\ 5/Build/CMakeFiles/3.6.1/CompilerIdC/CompilerIdC.build/Debug/CompilerIdC.build/Objects-normal/x86_64/CompilerIdC_lto.o -Xlinker -dependency_info -Xlinker /Users/Diego/Documents/ECE\ -\ 275/Project\ 5/Build/CMakeFiles/3.6.1/CompilerIdC/CompilerIdC.build/Debug/CompilerIdC.build/Objects-normal/x86_64/CompilerIdC_dependency_info.dat -o /Users/Diego/Documents/ECE\ -\ 275/Project\ 5/Build/CMakeFiles/3.6.1/CompilerIdC/CompilerIdC

PhaseScriptExecution Run\ Script CompilerIdC.build/Debug/CompilerIdC.build/Script-2C8FEB8E15DC1A1A00E56A5D.sh
    cd "/Users/Diego/Documents/ECE - 275/Project 5/Build/CMakeFiles/3.6.1/CompilerIdC"
    /bin/sh -c \"/Users/Diego/Documents/ECE\ -\ 275/Project\ 5/Build/CMakeFiles/3.6.1/CompilerIdC/CompilerIdC.build/Debug/CompilerIdC.build/Script-2C8FEB8E15DC1A1A00E56A5D.sh\"
GCC_VERSION=com.apple.compilers.llvm.clang.1_0

** BUILD SUCCEEDED **



Compilation of the C compiler identification source "CMakeCCompilerId.c" produced "CompilerIdC"

The C compiler identification is AppleClang, found in "/Users/Diego/Documents/ECE - 275/Project 5/Build/CMakeFiles/3.6.1/CompilerIdC/CompilerIdC"

Compiling the CXX compiler identification source file "CMakeCXXCompilerId.cpp" succeeded.
Compiler:  
Build flags: 
Id flags: 

The output was:
0
=== BUILD TARGET CompilerIdCXX OF PROJECT CompilerIdCXX WITH THE DEFAULT CONFIGURATION (Debug) ===

Check dependencies

Write auxiliary files
write-file /Users/Diego/Documents/ECE\ -\ 275/Project\ 5/Build/CMakeFiles/3.6.1/CompilerIdCXX/CompilerIdCXX.build/Debug/CompilerIdCXX.build/CompilerIdCXX.hmap
write-file /Users/Diego/Documents/ECE\ -\ 275/Project\ 5/Build/CMakeFiles/3.6.1/CompilerIdCXX/CompilerIdCXX.build/Debug/CompilerIdCXX.build/CompilerIdCXX-all-target-headers.hmap
write-file /Users/Diego/Documents/ECE\ -\ 275/Project\ 5/Build/CMakeFiles/3.6.1/CompilerIdCXX/CompilerIdCXX.build/Debug/CompilerIdCXX.build/CompilerIdCXX-generated-files.hmap
write-file /Users/Diego/Documents/ECE\ -\ 275/Project\ 5/Build/CMakeFiles/3.6.1/CompilerIdCXX/CompilerIdCXX.build/Debug/CompilerIdCXX.build/CompilerIdCXX-own-target-headers.hmap
write-file /Users/Diego/Documents/ECE\ -\ 275/Project\ 5/Build/CMakeFiles/3.6.1/CompilerIdCXX/CompilerIdCXX.build/Debug/CompilerIdCXX.build/CompilerIdCXX-all-non-framework-target-headers.hmap
/bin/mkdir -p /Users/Diego/Documents/ECE\ -\ 275/Project\ 5/Build/CMakeFiles/3.6.1/CompilerIdCXX/CompilerIdCXX.build/Debug/CompilerIdCXX.build/Objects-normal/x86_64
write-file /Users/Diego/Documents/ECE\ -\ 275/Project\ 5/Build/CMakeFiles/3.6.1/CompilerIdCXX/CompilerIdCXX.build/Debug/CompilerIdCXX.build/Objects-normal/x86_64/CompilerIdCXX.LinkFileList
write-file /Users/Diego/Documents/ECE\ -\ 275/Project\ 5/Build/CMakeFiles/3.6.1/CompilerIdCXX/CompilerIdCXX.build/Debug/CompilerIdCXX.build/Script-2C8FEB8E15DC1A1A00E56A5D.sh
chmod 0755 /Users/Diego/Documents/ECE\ -\ 275/Project\ 5/Build/CMakeFiles/3.6.1/CompilerIdCXX/CompilerIdCXX.build/Debug/CompilerIdCXX.build/Script-2C8FEB8E15DC1A1A00E56A5D.sh
write-file /Users/Diego/Documents/ECE\ -\ 275/Project\ 5/Build/CMakeFiles/3.6.1/CompilerIdCXX/CompilerIdCXX.build/Debug/CompilerIdCXX.build/CompilerIdCXX-project-headers.hmap

CompileC CompilerIdCXX.build/Debug/CompilerIdCXX.build/Objects-normal/x86_64/CMakeCXXCompilerId.o CMakeCXXCompilerId.cpp normal x86_64 c++ com.apple.compilers.llvm.clang.1_0.compiler
    cd "/Users/Diego/Documents/ECE - 275/Project 5/Build/CMakeFiles/3.6.1/CompilerIdCXX"
    export LANG=en_US.US-ASCII
    /Applications/Xcode.app/Contents/Developer/Toolchains/XcodeDefault.xctoolchain/usr/bin/clang -x c++ -arch x86_64 -fmessage-length=0 -fdiagnostics-show-note-include-stack -fmacro-backtrace-limit=0 -Wno-trigraphs -fpascal-strings -Os -Wno-missing-field-initializers -Wno-missing-prototypes -Wno-return-type -Wno-non-virtual-dtor -Wno-overloaded-virtual -Wno-exit-time-destructors -Wno-missing-braces -Wparentheses -Wswitch -Wno-unused-function -Wno-unused-label -Wno-unused-parameter -Wno-unused-variable -Wunused-value -Wno-empty-body -Wno-uninitialized -Wno-unknown-pragmas -Wno-shadow -Wno-four-char-constants -Wno-conversion -Wno-constant-conversion -Wno-int-conversion -Wno-bool-conversion -Wno-enum-conversion -Wno-shorten-64-to-32 -Wno-newline-eof -Wno-c++11-extensions -isysroot /Applications/Xcode.app/Contents/Developer/Platforms/MacOSX.platform/Developer/SDKs/MacOSX10.12.sdk -fasm-blocks -fstrict-aliasing -Wdeprecated-declarations -Winvalid-offsetof -mmacosx-version-min=10.12 -g -fvisibility=hidden -fvisibility-inlines-hidden -Wno-sign-conversion -Wno-infinite-recursion -Wno-move -I/Users/Diego/Documents/ECE\ -\ 275/Project\ 5/Build/CMakeFiles/3.6.1/CompilerIdCXX/CompilerIdCXX.build/Debug/CompilerIdCXX.build/CompilerIdCXX.hmap -I/Users/Diego/Documents/ECE\ -\ 275/Project\ 5/Build/CMakeFiles/3.6.1/CompilerIdCXX/include -I/Users/Diego/Documents/ECE\ -\ 275/Project\ 5/Build/CMakeFiles/3.6.1/CompilerIdCXX/CompilerIdCXX.build/Debug/CompilerIdCXX.build/DerivedSources/x86_64 -I/Users/Diego/Documents/ECE\ -\ 275/Project\ 5/Build/CMakeFiles/3.6.1/CompilerIdCXX/CompilerIdCXX.build/Debug/CompilerIdCXX.build/DerivedSources -F/Users/Diego/Documents/ECE\ -\ 275/Project\ 5/Build/CMakeFiles/3.6.1/CompilerIdCXX -MMD -MT dependencies -MF /Users/Diego/Documents/ECE\ -\ 275/Project\ 5/Build/CMakeFiles/3.6.1/CompilerIdCXX/CompilerIdCXX.build/Debug/CompilerIdCXX.build/Objects-normal/x86_64/CMakeCXXCompilerId.d --serialize-diagnostics /Users/Diego/Documents/ECE\ -\ 275/Project\ 5/Build/CMakeFiles/3.6.1/CompilerIdCXX/CompilerIdCXX.build/Debug/CompilerIdCXX.build/Objects-normal/x86_64/CMakeCXXCompilerId.dia -c /Users/Diego/Documents/ECE\ -\ 275/Project\ 5/Build/CMakeFiles/3.6.1/CompilerIdCXX/CMakeCXXCompilerId.cpp -o /Users/Diego/Documents/ECE\ -\ 275/Project\ 5/Build/CMakeFiles/3.6.1/CompilerIdCXX/CompilerIdCXX.build/Debug/CompilerIdCXX.build/Objects-normal/x86_64/CMakeCXXCompilerId.o

Ld CompilerIdCXX normal x86_64
    cd "/Users/Diego/Documents/ECE - 275/Project 5/Build/CMakeFiles/3.6.1/CompilerIdCXX"
    export MACOSX_DEPLOYMENT_TARGET=10.12
    /Applications/Xcode.app/Contents/Developer/Toolchains/XcodeDefault.xctoolchain/usr/bin/clang++ -arch x86_64 -isysroot /Applications/Xcode.app/Contents/Developer/Platforms/MacOSX.platform/Developer/SDKs/MacOSX10.12.sdk -L/Users/Diego/Documents/ECE\ -\ 275/Project\ 5/Build/CMakeFiles/3.6.1/CompilerIdCXX -F/Users/Diego/Documents/ECE\ -\ 275/Project\ 5/Build/CMakeFiles/3.6.1/CompilerIdCXX -filelist /Users/Diego/Documents/ECE\ -\ 275/Project\ 5/Build/CMakeFiles/3.6.1/CompilerIdCXX/CompilerIdCXX.build/Debug/CompilerIdCXX.build/Objects-normal/x86_64/CompilerIdCXX.LinkFileList -mmacosx-version-min=10.12 -Xlinker -object_path_lto -Xlinker /Users/Diego/Documents/ECE\ -\ 275/Project\ 5/Build/CMakeFiles/3.6.1/CompilerIdCXX/CompilerIdCXX.build/Debug/CompilerIdCXX.build/Objects-normal/x86_64/CompilerIdCXX_lto.o -Xlinker -dependency_info -Xlinker /Users/Diego/Documents/ECE\ -\ 275/Project\ 5/Build/CMakeFiles/3.6.1/CompilerIdCXX/CompilerIdCXX.build/Debug/CompilerIdCXX.build/Objects-normal/x86_64/CompilerIdCXX_dependency_info.dat -o /Users/Diego/Documents/ECE\ -\ 275/Project\ 5/Build/CMakeFiles/3.6.1/CompilerIdCXX/CompilerIdCXX

PhaseScriptExecution Run\ Script CompilerIdCXX.build/Debug/CompilerIdCXX.build/Script-2C8FEB8E15DC1A1A00E56A5D.sh
    cd "/Users/Diego/Documents/ECE - 275/Project 5/Build/CMakeFiles/3.6.1/CompilerIdCXX"
    /bin/sh -c \"/Users/Diego/Documents/ECE\ -\ 275/Project\ 5/Build/CMakeFiles/3.6.1/CompilerIdCXX/CompilerIdCXX.build/Debug/CompilerIdCXX.build/Script-2C8FEB8E15DC1A1A00E56A5D.sh\"
GCC_VERSION=com.apple.compilers.llvm.clang.1_0

** BUILD SUCCEEDED **



Compilation of the CXX compiler identification source "CMakeCXXCompilerId.cpp" produced "CompilerIdCXX"

The CXX compiler identification is AppleClang, found in "/Users/Diego/Documents/ECE - 275/Project 5/Build/CMakeFiles/3.6.1/CompilerIdCXX/CompilerIdCXX"

Determining if the C compiler works passed with the following output:
Change Dir: /Users/Diego/Documents/ECE - 275/Project 5/Build/CMakeFiles/CMakeTmp

Run Build Command:"/usr/bin/xcodebuild" "-project" "CMAKE_TRY_COMPILE.xcodeproj" "build" "-target" "cmTC_94748" "-configuration" "Debug"
=== BUILD TARGET cmTC_94748 OF PROJECT CMAKE_TRY_COMPILE WITH CONFIGURATION Debug ===

Check dependencies

Write auxiliary files
/bin/mkdir -p /Users/Diego/Documents/ECE\ -\ 275/Project\ 5/Build/CMakeFiles/CMakeTmp/CMAKE_TRY_COMPILE.build/Debug/cmTC_94748.build/Objects-normal/x86_64
write-file /Users/Diego/Documents/ECE\ -\ 275/Project\ 5/Build/CMakeFiles/CMakeTmp/CMAKE_TRY_COMPILE.build/Debug/cmTC_94748.build/Objects-normal/x86_64/cmTC_94748.LinkFileList

CompileC CMAKE_TRY_COMPILE.build/Debug/cmTC_94748.build/Objects-normal/x86_64/testCCompiler.o testCCompiler.c normal x86_64 c com.apple.compilers.llvm.clang.1_0.compiler
    cd "/Users/Diego/Documents/ECE - 275/Project 5/Build/CMakeFiles/CMakeTmp"
    export LANG=en_US.US-ASCII
    /Applications/Xcode.app/Contents/Developer/Toolchains/XcodeDefault.xctoolchain/usr/bin/clang -x c -arch x86_64 -fmessage-length=0 -fdiagnostics-show-note-include-stack -fmacro-backtrace-limit=0 -Wno-trigraphs -fpascal-strings -O0 -Wno-missing-field-initializers -Wno-missing-prototypes -Wno-return-type -Wno-missing-braces -Wparentheses -Wswitch -Wno-unused-function -Wno-unused-label -Wno-unused-parameter -Wno-unused-variable -Wunused-value -Wno-empty-body -Wno-uninitialized -Wno-unknown-pragmas -Wno-shadow -Wno-four-char-constants -Wno-conversion -Wno-constant-conversion -Wno-int-conversion -Wno-bool-conversion -Wno-enum-conversion -Wno-shorten-64-to-32 -Wpointer-sign -Wno-newline-eof -DCMAKE_INTDIR=\"Debug\" -isysroot /Applications/Xcode.app/Contents/Developer/Platforms/MacOSX.platform/Developer/SDKs/MacOSX10.12.sdk -fasm-blocks -fstrict-aliasing -Wdeprecated-declarations -mmacosx-version-min=10.12 -g -Wno-sign-conversion -Wno-infinite-recursion -I/Users/Diego/Documents/ECE\ -\ 275/Project\ 5/Build/CMakeFiles/CMakeTmp/Debug/include -I/Users/Diego/Documents/ECE\ -\ 275/Project\ 5/Build/CMakeFiles/CMakeTmp/CMAKE_TRY_COMPILE.build/Debug/cmTC_94748.build/DerivedSources/x86_64 -I/Users/Diego/Documents/ECE\ -\ 275/Project\ 5/Build/CMakeFiles/CMakeTmp/CMAKE_TRY_COMPILE.build/Debug/cmTC_94748.build/DerivedSources -Wmost -Wno-four-char-constants -Wno-unknown-pragmas -F/Users/Diego/Documents/ECE\ -\ 275/Project\ 5/Build/CMakeFiles/CMakeTmp/Debug -MMD -MT dependencies -MF /Users/Diego/Documents/ECE\ -\ 275/Project\ 5/Build/CMakeFiles/CMakeTmp/CMAKE_TRY_COMPILE.build/Debug/cmTC_94748.build/Objects-normal/x86_64/testCCompiler.d --serialize-diagnostics /Users/Diego/Documents/ECE\ -\ 275/Project\ 5/Build/CMakeFiles/CMakeTmp/CMAKE_TRY_COMPILE.build/Debug/cmTC_94748.build/Objects-normal/x86_64/testCCompiler.dia -c /Users/Diego/Documents/ECE\ -\ 275/Project\ 5/Build/CMakeFiles/CMakeTmp/testCCompiler.c -o /Users/Diego/Documents/ECE\ -\ 275/Project\ 5/Build/CMakeFiles/CMakeTmp/CMAKE_TRY_COMPILE.build/Debug/cmTC_94748.build/Objects-normal/x86_64/testCCompiler.o

Ld Debug/cmTC_94748 normal x86_64
    cd "/Users/Diego/Documents/ECE - 275/Project 5/Build/CMakeFiles/CMakeTmp"
    export MACOSX_DEPLOYMENT_TARGET=10.12
    /Applications/Xcode.app/Contents/Developer/Toolchains/XcodeDefault.xctoolchain/usr/bin/clang -arch x86_64 -isysroot /Applications/Xcode.app/Contents/Developer/Platforms/MacOSX.platform/Developer/SDKs/MacOSX10.12.sdk -L/Users/Diego/Documents/ECE\ -\ 275/Project\ 5/Build/CMakeFiles/CMakeTmp/Debug -F/Users/Diego/Documents/ECE\ -\ 275/Project\ 5/Build/CMakeFiles/CMakeTmp/Debug -filelist /Users/Diego/Documents/ECE\ -\ 275/Project\ 5/Build/CMakeFiles/CMakeTmp/CMAKE_TRY_COMPILE.build/Debug/cmTC_94748.build/Objects-normal/x86_64/cmTC_94748.LinkFileList -mmacosx-version-min=10.12 -Xlinker -object_path_lto -Xlinker /Users/Diego/Documents/ECE\ -\ 275/Project\ 5/Build/CMakeFiles/CMakeTmp/CMAKE_TRY_COMPILE.build/Debug/cmTC_94748.build/Objects-normal/x86_64/cmTC_94748_lto.o -Xlinker -no_deduplicate -Wl,-search_paths_first -Wl,-headerpad_max_install_names -Xlinker -dependency_info -Xlinker /Users/Diego/Documents/ECE\ -\ 275/Project\ 5/Build/CMakeFiles/CMakeTmp/CMAKE_TRY_COMPILE.build/Debug/cmTC_94748.build/Objects-normal/x86_64/cmTC_94748_dependency_info.dat -o /Users/Diego/Documents/ECE\ -\ 275/Project\ 5/Build/CMakeFiles/CMakeTmp/Debug/cmTC_94748

** BUILD SUCCEEDED **



Detecting C compiler ABI info compiled with the following output:
Change Dir: /Users/Diego/Documents/ECE - 275/Project 5/Build/CMakeFiles/CMakeTmp

Run Build Command:"/usr/bin/xcodebuild" "-project" "CMAKE_TRY_COMPILE.xcodeproj" "build" "-target" "cmTC_f41fd" "-configuration" "Debug"
=== BUILD TARGET cmTC_f41fd OF PROJECT CMAKE_TRY_COMPILE WITH CONFIGURATION Debug ===

Check dependencies

Write auxiliary files
/bin/mkdir -p /Users/Diego/Documents/ECE\ -\ 275/Project\ 5/Build/CMakeFiles/CMakeTmp/CMAKE_TRY_COMPILE.build/Debug/cmTC_f41fd.build/Objects-normal/x86_64
write-file /Users/Diego/Documents/ECE\ -\ 275/Project\ 5/Build/CMakeFiles/CMakeTmp/CMAKE_TRY_COMPILE.build/Debug/cmTC_f41fd.build/Objects-normal/x86_64/cmTC_f41fd.LinkFileList

CompileC CMAKE_TRY_COMPILE.build/Debug/cmTC_f41fd.build/Objects-normal/x86_64/CMakeCCompilerABI.o /Applications/CMake.app/Contents/share/cmake-3.6/Modules/CMakeCCompilerABI.c normal x86_64 c com.apple.compilers.llvm.clang.1_0.compiler
    cd "/Users/Diego/Documents/ECE - 275/Project 5/Build/CMakeFiles/CMakeTmp"
    export LANG=en_US.US-ASCII
    /Applications/Xcode.app/Contents/Developer/Toolchains/XcodeDefault.xctoolchain/usr/bin/clang -x c -arch x86_64 -fmessage-length=0 -fdiagnostics-show-note-include-stack -fmacro-backtrace-limit=0 -Wno-trigraphs -fpascal-strings -O0 -Wno-missing-field-initializers -Wno-missing-prototypes -Wno-return-type -Wno-missing-braces -Wparentheses -Wswitch -Wno-unused-function -Wno-unused-label -Wno-unused-parameter -Wno-unused-variable -Wunused-value -Wno-empty-body -Wno-uninitialized -Wno-unknown-pragmas -Wno-shadow -Wno-four-char-constants -Wno-conversion -Wno-constant-conversion -Wno-int-conversion -Wno-bool-conversion -Wno-enum-conversion -Wno-shorten-64-to-32 -Wpointer-sign -Wno-newline-eof -DCMAKE_INTDIR=\"Debug\" -isysroot /Applications/Xcode.app/Contents/Developer/Platforms/MacOSX.platform/Developer/SDKs/MacOSX10.12.sdk -fasm-blocks -fstrict-aliasing -Wdeprecated-declarations -mmacosx-version-min=10.12 -g -Wno-sign-conversion -Wno-infinite-recursion -I/Users/Diego/Documents/ECE\ -\ 275/Project\ 5/Build/CMakeFiles/CMakeTmp/Debug/include -I/Users/Diego/Documents/ECE\ -\ 275/Project\ 5/Build/CMakeFiles/CMakeTmp/CMAKE_TRY_COMPILE.build/Debug/cmTC_f41fd.build/DerivedSources/x86_64 -I/Users/Diego/Documents/ECE\ -\ 275/Project\ 5/Build/CMakeFiles/CMakeTmp/CMAKE_TRY_COMPILE.build/Debug/cmTC_f41fd.build/DerivedSources -Wmost -Wno-four-char-constants -Wno-unknown-pragmas -F/Users/Diego/Documents/ECE\ -\ 275/Project\ 5/Build/CMakeFiles/CMakeTmp/Debug -MMD -MT dependencies -MF /Users/Diego/Documents/ECE\ -\ 275/Project\ 5/Build/CMakeFiles/CMakeTmp/CMAKE_TRY_COMPILE.build/Debug/cmTC_f41fd.build/Objects-normal/x86_64/CMakeCCompilerABI.d --serialize-diagnostics /Users/Diego/Documents/ECE\ -\ 275/Project\ 5/Build/CMakeFiles/CMakeTmp/CMAKE_TRY_COMPILE.build/Debug/cmTC_f41fd.build/Objects-normal/x86_64/CMakeCCompilerABI.dia -c /Applications/CMake.app/Contents/share/cmake-3.6/Modules/CMakeCCompilerABI.c -o /Users/Diego/Documents/ECE\ -\ 275/Project\ 5/Build/CMakeFiles/CMakeTmp/CMAKE_TRY_COMPILE.build/Debug/cmTC_f41fd.build/Objects-normal/x86_64/CMakeCCompilerABI.o

Ld Debug/cmTC_f41fd normal x86_64
    cd "/Users/Diego/Documents/ECE - 275/Project 5/Build/CMakeFiles/CMakeTmp"
    export MACOSX_DEPLOYMENT_TARGET=10.12
    /Applications/Xcode.app/Contents/Developer/Toolchains/XcodeDefault.xctoolchain/usr/bin/clang -arch x86_64 -isysroot /Applications/Xcode.app/Contents/Developer/Platforms/MacOSX.platform/Developer/SDKs/MacOSX10.12.sdk -L/Users/Diego/Documents/ECE\ -\ 275/Project\ 5/Build/CMakeFiles/CMakeTmp/Debug -F/Users/Diego/Documents/ECE\ -\ 275/Project\ 5/Build/CMakeFiles/CMakeTmp/Debug -filelist /Users/Diego/Documents/ECE\ -\ 275/Project\ 5/Build/CMakeFiles/CMakeTmp/CMAKE_TRY_COMPILE.build/Debug/cmTC_f41fd.build/Objects-normal/x86_64/cmTC_f41fd.LinkFileList -mmacosx-version-min=10.12 -Xlinker -object_path_lto -Xlinker /Users/Diego/Documents/ECE\ -\ 275/Project\ 5/Build/CMakeFiles/CMakeTmp/CMAKE_TRY_COMPILE.build/Debug/cmTC_f41fd.build/Objects-normal/x86_64/cmTC_f41fd_lto.o -Xlinker -no_deduplicate -v -Wl,-v -Wl,-search_paths_first -Wl,-headerpad_max_install_names -Xlinker -dependency_info -Xlinker /Users/Diego/Documents/ECE\ -\ 275/Project\ 5/Build/CMakeFiles/CMakeTmp/CMAKE_TRY_COMPILE.build/Debug/cmTC_f41fd.build/Objects-normal/x86_64/cmTC_f41fd_dependency_info.dat -o /Users/Diego/Documents/ECE\ -\ 275/Project\ 5/Build/CMakeFiles/CMakeTmp/Debug/cmTC_f41fd
Apple LLVM version 8.0.0 (clang-800.0.42.1)
Target: x86_64-apple-darwin16.1.0
Thread model: posix
InstalledDir: /Applications/Xcode.app/Contents/Developer/Toolchains/XcodeDefault.xctoolchain/usr/bin
 "/Applications/Xcode.app/Contents/Developer/Toolchains/XcodeDefault.xctoolchain/usr/bin/ld" -demangle -dynamic -arch x86_64 -macosx_version_min 10.12.0 -syslibroot /Applications/Xcode.app/Contents/Developer/Platforms/MacOSX.platform/Developer/SDKs/MacOSX10.12.sdk -o /Users/Diego/Documents/ECE - 275/Project 5/Build/CMakeFiles/CMakeTmp/Debug/cmTC_f41fd -L/Users/Diego/Documents/ECE - 275/Project 5/Build/CMakeFiles/CMakeTmp/Debug -filelist /Users/Diego/Documents/ECE - 275/Project 5/Build/CMakeFiles/CMakeTmp/CMAKE_TRY_COMPILE.build/Debug/cmTC_f41fd.build/Objects-normal/x86_64/cmTC_f41fd.LinkFileList -object_path_lto /Users/Diego/Documents/ECE - 275/Project 5/Build/CMakeFiles/CMakeTmp/CMAKE_TRY_COMPILE.build/Debug/cmTC_f41fd.build/Objects-normal/x86_64/cmTC_f41fd_lto.o -no_deduplicate -v -search_paths_first -headerpad_max_install_names -dependency_info /Users/Diego/Documents/ECE - 275/Project 5/Build/CMakeFiles/CMakeTmp/CMAKE_TRY_COMPILE.build/Debug/cmTC_f41fd.build/Objects-normal/x86_64/cmTC_f41fd_dependency_info.dat -lSystem /Applications/Xcode.app/Contents/Developer/Toolchains/XcodeDefault.xctoolchain/usr/bin/../lib/clang/8.0.0/lib/darwin/libclang_rt.osx.a -F/Users/Diego/Documents/ECE - 275/Project 5/Build/CMakeFiles/CMakeTmp/Debug
@(#)PROGRAM:ld  PROJECT:ld64-274.1
configured to support archs: armv6 armv7 armv7s arm64 i386 x86_64 x86_64h armv6m armv7k armv7m armv7em (tvOS)
Library search paths:
	/Users/Diego/Documents/ECE - 275/Project 5/Build/CMakeFiles/CMakeTmp/Debug
	/Applications/Xcode.app/Contents/Developer/Platforms/MacOSX.platform/Developer/SDKs/MacOSX10.12.sdk/usr/lib
Framework search paths:
	/Users/Diego/Documents/ECE - 275/Project 5/Build/CMakeFiles/CMakeTmp/Debug
	/Applications/Xcode.app/Contents/Developer/Platforms/MacOSX.platform/Developer/SDKs/MacOSX10.12.sdk/System/Library/Frameworks/

** BUILD SUCCEEDED **



Parsed C implicit link information from above output:
  link line regex: [^( *|.*[/\])(ld|([^/\]+-)?ld|collect2)[^/\]*( |$)]
  ignore line: [Change Dir: /Users/Diego/Documents/ECE - 275/Project 5/Build/CMakeFiles/CMakeTmp]
  ignore line: []
  ignore line: [Run Build Command:"/usr/bin/xcodebuild" "-project" "CMAKE_TRY_COMPILE.xcodeproj" "build" "-target" "cmTC_f41fd" "-configuration" "Debug"]
  ignore line: [=== BUILD TARGET cmTC_f41fd OF PROJECT CMAKE_TRY_COMPILE WITH CONFIGURATION Debug ===]
  ignore line: []
  ignore line: [Check dependencies]
  ignore line: []
  ignore line: [Write auxiliary files]
  ignore line: [/bin/mkdir -p /Users/Diego/Documents/ECE\ -\ 275/Project\ 5/Build/CMakeFiles/CMakeTmp/CMAKE_TRY_COMPILE.build/Debug/cmTC_f41fd.build/Objects-normal/x86_64]
  ignore line: [write-file /Users/Diego/Documents/ECE\ -\ 275/Project\ 5/Build/CMakeFiles/CMakeTmp/CMAKE_TRY_COMPILE.build/Debug/cmTC_f41fd.build/Objects-normal/x86_64/cmTC_f41fd.LinkFileList]
  ignore line: []
  ignore line: [CompileC CMAKE_TRY_COMPILE.build/Debug/cmTC_f41fd.build/Objects-normal/x86_64/CMakeCCompilerABI.o /Applications/CMake.app/Contents/share/cmake-3.6/Modules/CMakeCCompilerABI.c normal x86_64 c com.apple.compilers.llvm.clang.1_0.compiler]
  ignore line: [    cd "/Users/Diego/Documents/ECE - 275/Project 5/Build/CMakeFiles/CMakeTmp"]
  ignore line: [    export LANG=en_US.US-ASCII]
  ignore line: [    /Applications/Xcode.app/Contents/Developer/Toolchains/XcodeDefault.xctoolchain/usr/bin/clang -x c -arch x86_64 -fmessage-length=0 -fdiagnostics-show-note-include-stack -fmacro-backtrace-limit=0 -Wno-trigraphs -fpascal-strings -O0 -Wno-missing-field-initializers -Wno-missing-prototypes -Wno-return-type -Wno-missing-braces -Wparentheses -Wswitch -Wno-unused-function -Wno-unused-label -Wno-unused-parameter -Wno-unused-variable -Wunused-value -Wno-empty-body -Wno-uninitialized -Wno-unknown-pragmas -Wno-shadow -Wno-four-char-constants -Wno-conversion -Wno-constant-conversion -Wno-int-conversion -Wno-bool-conversion -Wno-enum-conversion -Wno-shorten-64-to-32 -Wpointer-sign -Wno-newline-eof -DCMAKE_INTDIR=\"Debug\" -isysroot /Applications/Xcode.app/Contents/Developer/Platforms/MacOSX.platform/Developer/SDKs/MacOSX10.12.sdk -fasm-blocks -fstrict-aliasing -Wdeprecated-declarations -mmacosx-version-min=10.12 -g -Wno-sign-conversion -Wno-infinite-recursion -I/Users/Diego/Documents/ECE\ -\ 275/Project\ 5/Build/CMakeFiles/CMakeTmp/Debug/include -I/Users/Diego/Documents/ECE\ -\ 275/Project\ 5/Build/CMakeFiles/CMakeTmp/CMAKE_TRY_COMPILE.build/Debug/cmTC_f41fd.build/DerivedSources/x86_64 -I/Users/Diego/Documents/ECE\ -\ 275/Project\ 5/Build/CMakeFiles/CMakeTmp/CMAKE_TRY_COMPILE.build/Debug/cmTC_f41fd.build/DerivedSources -Wmost -Wno-four-char-constants -Wno-unknown-pragmas -F/Users/Diego/Documents/ECE\ -\ 275/Project\ 5/Build/CMakeFiles/CMakeTmp/Debug -MMD -MT dependencies -MF /Users/Diego/Documents/ECE\ -\ 275/Project\ 5/Build/CMakeFiles/CMakeTmp/CMAKE_TRY_COMPILE.build/Debug/cmTC_f41fd.build/Objects-normal/x86_64/CMakeCCompilerABI.d --serialize-diagnostics /Users/Diego/Documents/ECE\ -\ 275/Project\ 5/Build/CMakeFiles/CMakeTmp/CMAKE_TRY_COMPILE.build/Debug/cmTC_f41fd.build/Objects-normal/x86_64/CMakeCCompilerABI.dia -c /Applications/CMake.app/Contents/share/cmake-3.6/Modules/CMakeCCompilerABI.c -o /Users/Diego/Documents/ECE\ -\ 275/Project\ 5/Build/CMakeFiles/CMakeTmp/CMAKE_TRY_COMPILE.build/Debug/cmTC_f41fd.build/Objects-normal/x86_64/CMakeCCompilerABI.o]
  ignore line: []
  ignore line: [Ld Debug/cmTC_f41fd normal x86_64]
  ignore line: [    cd "/Users/Diego/Documents/ECE - 275/Project 5/Build/CMakeFiles/CMakeTmp"]
  ignore line: [    export MACOSX_DEPLOYMENT_TARGET=10.12]
  ignore line: [    /Applications/Xcode.app/Contents/Developer/Toolchains/XcodeDefault.xctoolchain/usr/bin/clang -arch x86_64 -isysroot /Applications/Xcode.app/Contents/Developer/Platforms/MacOSX.platform/Developer/SDKs/MacOSX10.12.sdk -L/Users/Diego/Documents/ECE\ -\ 275/Project\ 5/Build/CMakeFiles/CMakeTmp/Debug -F/Users/Diego/Documents/ECE\ -\ 275/Project\ 5/Build/CMakeFiles/CMakeTmp/Debug -filelist /Users/Diego/Documents/ECE\ -\ 275/Project\ 5/Build/CMakeFiles/CMakeTmp/CMAKE_TRY_COMPILE.build/Debug/cmTC_f41fd.build/Objects-normal/x86_64/cmTC_f41fd.LinkFileList -mmacosx-version-min=10.12 -Xlinker -object_path_lto -Xlinker /Users/Diego/Documents/ECE\ -\ 275/Project\ 5/Build/CMakeFiles/CMakeTmp/CMAKE_TRY_COMPILE.build/Debug/cmTC_f41fd.build/Objects-normal/x86_64/cmTC_f41fd_lto.o -Xlinker -no_deduplicate -v -Wl,-v -Wl,-search_paths_first -Wl,-headerpad_max_install_names -Xlinker -dependency_info -Xlinker /Users/Diego/Documents/ECE\ -\ 275/Project\ 5/Build/CMakeFiles/CMakeTmp/CMAKE_TRY_COMPILE.build/Debug/cmTC_f41fd.build/Objects-normal/x86_64/cmTC_f41fd_dependency_info.dat -o /Users/Diego/Documents/ECE\ -\ 275/Project\ 5/Build/CMakeFiles/CMakeTmp/Debug/cmTC_f41fd]
  ignore line: [Apple LLVM version 8.0.0 (clang-800.0.42.1)]
  ignore line: [Target: x86_64-apple-darwin16.1.0]
  ignore line: [Thread model: posix]
  ignore line: [InstalledDir: /Applications/Xcode.app/Contents/Developer/Toolchains/XcodeDefault.xctoolchain/usr/bin]
  reduced line: [ "/Applications/Xcode.app/Contents/Developer/Toolchains/XcodeDefault.xctoolchain/usr/bin/ld" -demangle -dynamic -arch x86_64 -macosx_version_min 10.12.0 -syslibroot /Applications/Xcode.app/Contents/Developer/Platforms/MacOSX.platform/Developer/SDKs/MacOSX10.12.sdk -o /Users/Diego/Documents/ECE - 275/Project 5/Build/CMakeFiles/CMakeTmp/Debug/cmTC_f41fd -L/Users/Diego/Documents/ECE - 275/Project 5/Build/CMakeFiles/CMakeTmp/Debug -filelist /Users/Diego/Documents/ECE - 275/Project 5/Build/CMakeFiles/CMakeTmp/CMAKE_TRY_COMPILE.build/Debug/cmTC_f41fd.build/Objects-normal/x86_64/cmTC_f41fd.LinkFileList -object_path_lto /Users/Diego/Documents/ECE - 275/Project 5/Build/CMakeFiles/CMakeTmp/CMAKE_TRY_COMPILE.build/Debug/cmTC_f41fd.build/Objects-normal/x86_64/cmTC_f41fd_lto.o -no_deduplicate -v -search_paths_first -headerpad_max_install_names -dependency_info /Users/Diego/Documents/ECE - 275/Project 5/Build/CMakeFiles/CMakeTmp/CMAKE_TRY_COMPILE.build/Debug/cmTC_f41fd.build/Objects-normal/x86_64/cmTC_f41fd_dependency_info.dat -lSystem /Applications/Xcode.app/Contents/Developer/Toolchains/XcodeDefault.xctoolchain/usr/bin/../lib/clang/8.0.0/lib/darwin/libclang_rt.osx.a -F/Users/Diego/Documents/ECE - 275/Project 5/Build/CMakeFiles/CMakeTmp/Debug]
            to: [ "/Applications/Xcode.app/Contents/Developer/Toolchains/XcodeDefault.xctoolchain/usr/bin/ld" -demangle -dynamic -arch x86_64 -macosx_version_min 10.12.0 -syslibroot /Applications/Xcode.app/Contents/Developer/Platforms/MacOSX.platform/Developer/SDKs/MacOSX10.12.sdk -o /Users/Diego/Documents/ECE - 275/Project 5/Build/CMakeFiles/CMakeTmp/Debug/cmTC_f41fd -filelist /Users/Diego/Documents/ECE - 275/Project 5/Build/CMakeFiles/CMakeTmp/CMAKE_TRY_COMPILE.build/Debug/cmTC_f41fd.build/Objects-normal/x86_64/cmTC_f41fd.LinkFileList -object_path_lto /Users/Diego/Documents/ECE - 275/Project 5/Build/CMakeFiles/CMakeTmp/CMAKE_TRY_COMPILE.build/Debug/cmTC_f41fd.build/Objects-normal/x86_64/cmTC_f41fd_lto.o -no_deduplicate -v -search_paths_first -headerpad_max_install_names -dependency_info /Users/Diego/Documents/ECE - 275/Project 5/Build/CMakeFiles/CMakeTmp/CMAKE_TRY_COMPILE.build/Debug/cmTC_f41fd.build/Objects-normal/x86_64/cmTC_f41fd_dependency_info.dat -lSystem /Applications/Xcode.app/Contents/Developer/Toolchains/XcodeDefault.xctoolchain/usr/bin/../lib/clang/8.0.0/lib/darwin/libclang_rt.osx.a ]
  link line: [ "/Applications/Xcode.app/Contents/Developer/Toolchains/XcodeDefault.xctoolchain/usr/bin/ld" -demangle -dynamic -arch x86_64 -macosx_version_min 10.12.0 -syslibroot /Applications/Xcode.app/Contents/Developer/Platforms/MacOSX.platform/Developer/SDKs/MacOSX10.12.sdk -o /Users/Diego/Documents/ECE - 275/Project 5/Build/CMakeFiles/CMakeTmp/Debug/cmTC_f41fd -filelist /Users/Diego/Documents/ECE - 275/Project 5/Build/CMakeFiles/CMakeTmp/CMAKE_TRY_COMPILE.build/Debug/cmTC_f41fd.build/Objects-normal/x86_64/cmTC_f41fd.LinkFileList -object_path_lto /Users/Diego/Documents/ECE - 275/Project 5/Build/CMakeFiles/CMakeTmp/CMAKE_TRY_COMPILE.build/Debug/cmTC_f41fd.build/Objects-normal/x86_64/cmTC_f41fd_lto.o -no_deduplicate -v -search_paths_first -headerpad_max_install_names -dependency_info /Users/Diego/Documents/ECE - 275/Project 5/Build/CMakeFiles/CMakeTmp/CMAKE_TRY_COMPILE.build/Debug/cmTC_f41fd.build/Objects-normal/x86_64/cmTC_f41fd_dependency_info.dat -lSystem /Applications/Xcode.app/Contents/Developer/Toolchains/XcodeDefault.xctoolchain/usr/bin/../lib/clang/8.0.0/lib/darwin/libclang_rt.osx.a ]
    arg [/Applications/Xcode.app/Contents/Developer/Toolchains/XcodeDefault.xctoolchain/usr/bin/ld] ==> ignore
    arg [-demangle] ==> ignore
    arg [-dynamic] ==> ignore
    arg [-arch] ==> ignore
    arg [x86_64] ==> ignore
    arg [-macosx_version_min] ==> ignore
    arg [10.12.0] ==> ignore
    arg [-syslibroot] ==> ignore
    arg [/Applications/Xcode.app/Contents/Developer/Platforms/MacOSX.platform/Developer/SDKs/MacOSX10.12.sdk] ==> ignore
    arg [-o] ==> ignore
    arg [/Users/Diego/Documents/ECE] ==> ignore
    arg [-] ==> ignore
    arg [275/Project] ==> ignore
    arg [5/Build/CMakeFiles/CMakeTmp/Debug/cmTC_f41fd] ==> ignore
    arg [-filelist] ==> ignore
    arg [/Users/Diego/Documents/ECE] ==> ignore
    arg [-] ==> ignore
    arg [275/Project] ==> ignore
    arg [5/Build/CMakeFiles/CMakeTmp/CMAKE_TRY_COMPILE.build/Debug/cmTC_f41fd.build/Objects-normal/x86_64/cmTC_f41fd.LinkFileList] ==> ignore
    arg [-object_path_lto] ==> ignore
    arg [/Users/Diego/Documents/ECE] ==> ignore
    arg [-] ==> ignore
    arg [275/Project] ==> ignore
    arg [5/Build/CMakeFiles/CMakeTmp/CMAKE_TRY_COMPILE.build/Debug/cmTC_f41fd.build/Objects-normal/x86_64/cmTC_f41fd_lto.o] ==> ignore
    arg [-no_deduplicate] ==> ignore
    arg [-v] ==> ignore
    arg [-search_paths_first] ==> ignore
    arg [-headerpad_max_install_names] ==> ignore
    arg [-dependency_info] ==> ignore
    arg [/Users/Diego/Documents/ECE] ==> ignore
    arg [-] ==> ignore
    arg [275/Project] ==> ignore
    arg [5/Build/CMakeFiles/CMakeTmp/CMAKE_TRY_COMPILE.build/Debug/cmTC_f41fd.build/Objects-normal/x86_64/cmTC_f41fd_dependency_info.dat] ==> ignore
    arg [-lSystem] ==> lib [System]
    arg [/Applications/Xcode.app/Contents/Developer/Toolchains/XcodeDefault.xctoolchain/usr/bin/../lib/clang/8.0.0/lib/darwin/libclang_rt.osx.a] ==> lib [/Applications/Xcode.app/Contents/Developer/Toolchains/XcodeDefault.xctoolchain/usr/bin/../lib/clang/8.0.0/lib/darwin/libclang_rt.osx.a]
  Library search paths: [;/Users/Diego/Documents/ECE - 275/Project 5/Build/CMakeFiles/CMakeTmp/Debug;/Applications/Xcode.app/Contents/Developer/Platforms/MacOSX.platform/Developer/SDKs/MacOSX10.12.sdk/usr/lib]
  Framework search paths: [;/Users/Diego/Documents/ECE - 275/Project 5/Build/CMakeFiles/CMakeTmp/Debug;/Applications/Xcode.app/Contents/Developer/Platforms/MacOSX.platform/Developer/SDKs/MacOSX10.12.sdk/System/Library/Frameworks/]
  remove lib [System]
  collapse lib [/Applications/Xcode.app/Contents/Developer/Toolchains/XcodeDefault.xctoolchain/usr/bin/../lib/clang/8.0.0/lib/darwin/libclang_rt.osx.a] ==> [/Applications/Xcode.app/Contents/Developer/Toolchains/XcodeDefault.xctoolchain/usr/lib/clang/8.0.0/lib/darwin/libclang_rt.osx.a]
  collapse library dir [/Users/Diego/Documents/ECE - 275/Project 5/Build/CMakeFiles/CMakeTmp/Debug] ==> [/Users/Diego/Documents/ECE - 275/Project 5/Build/CMakeFiles/CMakeTmp/Debug], skipping non-system directory
  collapse library dir [/Applications/Xcode.app/Contents/Developer/Platforms/MacOSX.platform/Developer/SDKs/MacOSX10.12.sdk/usr/lib] ==> [/Applications/Xcode.app/Contents/Developer/Platforms/MacOSX.platform/Developer/SDKs/MacOSX10.12.sdk/usr/lib]
  collapse framework dir [/Users/Diego/Documents/ECE - 275/Project 5/Build/CMakeFiles/CMakeTmp/Debug] ==> [/Users/Diego/Documents/ECE - 275/Project 5/Build/CMakeFiles/CMakeTmp/Debug], skipping non-system directory
  collapse framework dir [/Applications/Xcode.app/Contents/Developer/Platforms/MacOSX.platform/Developer/SDKs/MacOSX10.12.sdk/System/Library/Frameworks/] ==> [/Applications/Xcode.app/Contents/Developer/Platforms/MacOSX.platform/Developer/SDKs/MacOSX10.12.sdk/System/Library/Frameworks]
  implicit libs: [/Applications/Xcode.app/Contents/Developer/Toolchains/XcodeDefault.xctoolchain/usr/lib/clang/8.0.0/lib/darwin/libclang_rt.osx.a]
  implicit dirs: [/Applications/Xcode.app/Contents/Developer/Platforms/MacOSX.platform/Developer/SDKs/MacOSX10.12.sdk/usr/lib]
  implicit fwks: [/Applications/Xcode.app/Contents/Developer/Platforms/MacOSX.platform/Developer/SDKs/MacOSX10.12.sdk/System/Library/Frameworks]




Detecting C [-std=c11] compiler features compiled with the following output:
Change Dir: /Users/Diego/Documents/ECE - 275/Project 5/Build/CMakeFiles/CMakeTmp

Run Build Command:"/usr/bin/xcodebuild" "-project" "CMAKE_TRY_COMPILE.xcodeproj" "build" "-target" "cmTC_a0b58" "-configuration" "Debug"
=== BUILD TARGET cmTC_a0b58 OF PROJECT CMAKE_TRY_COMPILE WITH CONFIGURATION Debug ===

Check dependencies

Write auxiliary files
/bin/mkdir -p /Users/Diego/Documents/ECE\ -\ 275/Project\ 5/Build/CMakeFiles/CMakeTmp/CMAKE_TRY_COMPILE.build/Debug/cmTC_a0b58.build/Objects-normal/x86_64
write-file /Users/Diego/Documents/ECE\ -\ 275/Project\ 5/Build/CMakeFiles/CMakeTmp/CMAKE_TRY_COMPILE.build/Debug/cmTC_a0b58.build/Objects-normal/x86_64/cmTC_a0b58.LinkFileList

CompileC CMAKE_TRY_COMPILE.build/Debug/cmTC_a0b58.build/Objects-normal/x86_64/feature_tests.o /Users/Diego/Documents/ECE\ -\ 275/Project\ 5/Build/CMakeFiles/feature_tests.c normal x86_64 c com.apple.compilers.llvm.clang.1_0.compiler
    cd "/Users/Diego/Documents/ECE - 275/Project 5/Build/CMakeFiles/CMakeTmp"
    export LANG=en_US.US-ASCII
    /Applications/Xcode.app/Contents/Developer/Toolchains/XcodeDefault.xctoolchain/usr/bin/clang -x c -arch x86_64 -fmessage-length=0 -fdiagnostics-show-note-include-stack -fmacro-backtrace-limit=0 -Wno-trigraphs -fpascal-strings -O0 -Wno-missing-field-initializers -Wno-missing-prototypes -Wno-return-type -Wno-missing-braces -Wparentheses -Wswitch -Wno-unused-function -Wno-unused-label -Wno-unused-parameter -Wno-unused-variable -Wunused-value -Wno-empty-body -Wno-uninitialized -Wno-unknown-pragmas -Wno-shadow -Wno-four-char-constants -Wno-conversion -Wno-constant-conversion -Wno-int-conversion -Wno-bool-conversion -Wno-enum-conversion -Wno-shorten-64-to-32 -Wpointer-sign -Wno-newline-eof -DCMAKE_INTDIR=\"Debug\" -isysroot /Applications/Xcode.app/Contents/Developer/Platforms/MacOSX.platform/Developer/SDKs/MacOSX10.12.sdk -fasm-blocks -fstrict-aliasing -Wdeprecated-declarations -mmacosx-version-min=10.12 -g -Wno-sign-conversion -Wno-infinite-recursion -I/Users/Diego/Documents/ECE\ -\ 275/Project\ 5/Build/CMakeFiles/CMakeTmp/Debug/include -I/Users/Diego/Documents/ECE\ -\ 275/Project\ 5/Build/CMakeFiles/CMakeTmp/CMAKE_TRY_COMPILE.build/Debug/cmTC_a0b58.build/DerivedSources/x86_64 -I/Users/Diego/Documents/ECE\ -\ 275/Project\ 5/Build/CMakeFiles/CMakeTmp/CMAKE_TRY_COMPILE.build/Debug/cmTC_a0b58.build/DerivedSources -Wmost -Wno-four-char-constants -Wno-unknown-pragmas -F/Users/Diego/Documents/ECE\ -\ 275/Project\ 5/Build/CMakeFiles/CMakeTmp/Debug -std=c11 -MMD -MT dependencies -MF /Users/Diego/Documents/ECE\ -\ 275/Project\ 5/Build/CMakeFiles/CMakeTmp/CMAKE_TRY_COMPILE.build/Debug/cmTC_a0b58.build/Objects-normal/x86_64/feature_tests.d --serialize-diagnostics /Users/Diego/Documents/ECE\ -\ 275/Project\ 5/Build/CMakeFiles/CMakeTmp/CMAKE_TRY_COMPILE.build/Debug/cmTC_a0b58.build/Objects-normal/x86_64/feature_tests.dia -c /Users/Diego/Documents/ECE\ -\ 275/Project\ 5/Build/CMakeFiles/feature_tests.c -o /Users/Diego/Documents/ECE\ -\ 275/Project\ 5/Build/CMakeFiles/CMakeTmp/CMAKE_TRY_COMPILE.build/Debug/cmTC_a0b58.build/Objects-normal/x86_64/feature_tests.o

Ld Debug/cmTC_a0b58 normal x86_64
    cd "/Users/Diego/Documents/ECE - 275/Project 5/Build/CMakeFiles/CMakeTmp"
    export MACOSX_DEPLOYMENT_TARGET=10.12
    /Applications/Xcode.app/Contents/Developer/Toolchains/XcodeDefault.xctoolchain/usr/bin/clang -arch x86_64 -isysroot /Applications/Xcode.app/Contents/Developer/Platforms/MacOSX.platform/Developer/SDKs/MacOSX10.12.sdk -L/Users/Diego/Documents/ECE\ -\ 275/Project\ 5/Build/CMakeFiles/CMakeTmp/Debug -F/Users/Diego/Documents/ECE\ -\ 275/Project\ 5/Build/CMakeFiles/CMakeTmp/Debug -filelist /Users/Diego/Documents/ECE\ -\ 275/Project\ 5/Build/CMakeFiles/CMakeTmp/CMAKE_TRY_COMPILE.build/Debug/cmTC_a0b58.build/Objects-normal/x86_64/cmTC_a0b58.LinkFileList -mmacosx-version-min=10.12 -Xlinker -object_path_lto -Xlinker /Users/Diego/Documents/ECE\ -\ 275/Project\ 5/Build/CMakeFiles/CMakeTmp/CMAKE_TRY_COMPILE.build/Debug/cmTC_a0b58.build/Objects-normal/x86_64/cmTC_a0b58_lto.o -Xlinker -no_deduplicate -Wl,-search_paths_first -Wl,-headerpad_max_install_names -Xlinker -dependency_info -Xlinker /Users/Diego/Documents/ECE\ -\ 275/Project\ 5/Build/CMakeFiles/CMakeTmp/CMAKE_TRY_COMPILE.build/Debug/cmTC_a0b58.build/Objects-normal/x86_64/cmTC_a0b58_dependency_info.dat -o /Users/Diego/Documents/ECE\ -\ 275/Project\ 5/Build/CMakeFiles/CMakeTmp/Debug/cmTC_a0b58

** BUILD SUCCEEDED **



    Feature record: C_FEATURE:1c_function_prototypes
    Feature record: C_FEATURE:1c_restrict
    Feature record: C_FEATURE:1c_static_assert
    Feature record: C_FEATURE:1c_variadic_macros


Detecting C [-std=c99] compiler features compiled with the following output:
Change Dir: /Users/Diego/Documents/ECE - 275/Project 5/Build/CMakeFiles/CMakeTmp

Run Build Command:"/usr/bin/xcodebuild" "-project" "CMAKE_TRY_COMPILE.xcodeproj" "build" "-target" "cmTC_f3ee8" "-configuration" "Debug"
=== BUILD TARGET cmTC_f3ee8 OF PROJECT CMAKE_TRY_COMPILE WITH CONFIGURATION Debug ===

Check dependencies

Write auxiliary files
/bin/mkdir -p /Users/Diego/Documents/ECE\ -\ 275/Project\ 5/Build/CMakeFiles/CMakeTmp/CMAKE_TRY_COMPILE.build/Debug/cmTC_f3ee8.build/Objects-normal/x86_64
write-file /Users/Diego/Documents/ECE\ -\ 275/Project\ 5/Build/CMakeFiles/CMakeTmp/CMAKE_TRY_COMPILE.build/Debug/cmTC_f3ee8.build/Objects-normal/x86_64/cmTC_f3ee8.LinkFileList

CompileC CMAKE_TRY_COMPILE.build/Debug/cmTC_f3ee8.build/Objects-normal/x86_64/feature_tests.o /Users/Diego/Documents/ECE\ -\ 275/Project\ 5/Build/CMakeFiles/feature_tests.c normal x86_64 c com.apple.compilers.llvm.clang.1_0.compiler
    cd "/Users/Diego/Documents/ECE - 275/Project 5/Build/CMakeFiles/CMakeTmp"
    export LANG=en_US.US-ASCII
    /Applications/Xcode.app/Contents/Developer/Toolchains/XcodeDefault.xctoolchain/usr/bin/clang -x c -arch x86_64 -fmessage-length=0 -fdiagnostics-show-note-include-stack -fmacro-backtrace-limit=0 -Wno-trigraphs -fpascal-strings -O0 -Wno-missing-field-initializers -Wno-missing-prototypes -Wno-return-type -Wno-missing-braces -Wparentheses -Wswitch -Wno-unused-function -Wno-unused-label -Wno-unused-parameter -Wno-unused-variable -Wunused-value -Wno-empty-body -Wno-uninitialized -Wno-unknown-pragmas -Wno-shadow -Wno-four-char-constants -Wno-conversion -Wno-constant-conversion -Wno-int-conversion -Wno-bool-conversion -Wno-enum-conversion -Wno-shorten-64-to-32 -Wpointer-sign -Wno-newline-eof -DCMAKE_INTDIR=\"Debug\" -isysroot /Applications/Xcode.app/Contents/Developer/Platforms/MacOSX.platform/Developer/SDKs/MacOSX10.12.sdk -fasm-blocks -fstrict-aliasing -Wdeprecated-declarations -mmacosx-version-min=10.12 -g -Wno-sign-conversion -Wno-infinite-recursion -I/Users/Diego/Documents/ECE\ -\ 275/Project\ 5/Build/CMakeFiles/CMakeTmp/Debug/include -I/Users/Diego/Documents/ECE\ -\ 275/Project\ 5/Build/CMakeFiles/CMakeTmp/CMAKE_TRY_COMPILE.build/Debug/cmTC_f3ee8.build/DerivedSources/x86_64 -I/Users/Diego/Documents/ECE\ -\ 275/Project\ 5/Build/CMakeFiles/CMakeTmp/CMAKE_TRY_COMPILE.build/Debug/cmTC_f3ee8.build/DerivedSources -Wmost -Wno-four-char-constants -Wno-unknown-pragmas -F/Users/Diego/Documents/ECE\ -\ 275/Project\ 5/Build/CMakeFiles/CMakeTmp/Debug -std=c99 -MMD -MT dependencies -MF /Users/Diego/Documents/ECE\ -\ 275/Project\ 5/Build/CMakeFiles/CMakeTmp/CMAKE_TRY_COMPILE.build/Debug/cmTC_f3ee8.build/Objects-normal/x86_64/feature_tests.d --serialize-diagnostics /Users/Diego/Documents/ECE\ -\ 275/Project\ 5/Build/CMakeFiles/CMakeTmp/CMAKE_TRY_COMPILE.build/Debug/cmTC_f3ee8.build/Objects-normal/x86_64/feature_tests.dia -c /Users/Diego/Documents/ECE\ -\ 275/Project\ 5/Build/CMakeFiles/feature_tests.c -o /Users/Diego/Documents/ECE\ -\ 275/Project\ 5/Build/CMakeFiles/CMakeTmp/CMAKE_TRY_COMPILE.build/Debug/cmTC_f3ee8.build/Objects-normal/x86_64/feature_tests.o

Ld Debug/cmTC_f3ee8 normal x86_64
    cd "/Users/Diego/Documents/ECE - 275/Project 5/Build/CMakeFiles/CMakeTmp"
    export MACOSX_DEPLOYMENT_TARGET=10.12
    /Applications/Xcode.app/Contents/Developer/Toolchains/XcodeDefault.xctoolchain/usr/bin/clang -arch x86_64 -isysroot /Applications/Xcode.app/Contents/Developer/Platforms/MacOSX.platform/Developer/SDKs/MacOSX10.12.sdk -L/Users/Diego/Documents/ECE\ -\ 275/Project\ 5/Build/CMakeFiles/CMakeTmp/Debug -F/Users/Diego/Documents/ECE\ -\ 275/Project\ 5/Build/CMakeFiles/CMakeTmp/Debug -filelist /Users/Diego/Documents/ECE\ -\ 275/Project\ 5/Build/CMakeFiles/CMakeTmp/CMAKE_TRY_COMPILE.build/Debug/cmTC_f3ee8.build/Objects-normal/x86_64/cmTC_f3ee8.LinkFileList -mmacosx-version-min=10.12 -Xlinker -object_path_lto -Xlinker /Users/Diego/Documents/ECE\ -\ 275/Project\ 5/Build/CMakeFiles/CMakeTmp/CMAKE_TRY_COMPILE.build/Debug/cmTC_f3ee8.build/Objects-normal/x86_64/cmTC_f3ee8_lto.o -Xlinker -no_deduplicate -Wl,-search_paths_first -Wl,-headerpad_max_install_names -Xlinker -dependency_info -Xlinker /Users/Diego/Documents/ECE\ -\ 275/Project\ 5/Build/CMakeFiles/CMakeTmp/CMAKE_TRY_COMPILE.build/Debug/cmTC_f3ee8.build/Objects-normal/x86_64/cmTC_f3ee8_dependency_info.dat -o /Users/Diego/Documents/ECE\ -\ 275/Project\ 5/Build/CMakeFiles/CMakeTmp/Debug/cmTC_f3ee8

** BUILD SUCCEEDED **



    Feature record: C_FEATURE:1c_function_prototypes
    Feature record: C_FEATURE:1c_restrict
    Feature record: C_FEATURE:0c_static_assert
    Feature record: C_FEATURE:1c_variadic_macros


Detecting C [-std=c90] compiler features compiled with the following output:
Change Dir: /Users/Diego/Documents/ECE - 275/Project 5/Build/CMakeFiles/CMakeTmp

Run Build Command:"/usr/bin/xcodebuild" "-project" "CMAKE_TRY_COMPILE.xcodeproj" "build" "-target" "cmTC_ce42a" "-configuration" "Debug"
=== BUILD TARGET cmTC_ce42a OF PROJECT CMAKE_TRY_COMPILE WITH CONFIGURATION Debug ===

Check dependencies

Write auxiliary files
/bin/mkdir -p /Users/Diego/Documents/ECE\ -\ 275/Project\ 5/Build/CMakeFiles/CMakeTmp/CMAKE_TRY_COMPILE.build/Debug/cmTC_ce42a.build/Objects-normal/x86_64
write-file /Users/Diego/Documents/ECE\ -\ 275/Project\ 5/Build/CMakeFiles/CMakeTmp/CMAKE_TRY_COMPILE.build/Debug/cmTC_ce42a.build/Objects-normal/x86_64/cmTC_ce42a.LinkFileList

CompileC CMAKE_TRY_COMPILE.build/Debug/cmTC_ce42a.build/Objects-normal/x86_64/feature_tests.o /Users/Diego/Documents/ECE\ -\ 275/Project\ 5/Build/CMakeFiles/feature_tests.c normal x86_64 c com.apple.compilers.llvm.clang.1_0.compiler
    cd "/Users/Diego/Documents/ECE - 275/Project 5/Build/CMakeFiles/CMakeTmp"
    export LANG=en_US.US-ASCII
    /Applications/Xcode.app/Contents/Developer/Toolchains/XcodeDefault.xctoolchain/usr/bin/clang -x c -arch x86_64 -fmessage-length=0 -fdiagnostics-show-note-include-stack -fmacro-backtrace-limit=0 -Wno-trigraphs -fpascal-strings -O0 -Wno-missing-field-initializers -Wno-missing-prototypes -Wno-return-type -Wno-missing-braces -Wparentheses -Wswitch -Wno-unused-function -Wno-unused-label -Wno-unused-parameter -Wno-unused-variable -Wunused-value -Wno-empty-body -Wno-uninitialized -Wno-unknown-pragmas -Wno-shadow -Wno-four-char-constants -Wno-conversion -Wno-constant-conversion -Wno-int-conversion -Wno-bool-conversion -Wno-enum-conversion -Wno-shorten-64-to-32 -Wpointer-sign -Wno-newline-eof -DCMAKE_INTDIR=\"Debug\" -isysroot /Applications/Xcode.app/Contents/Developer/Platforms/MacOSX.platform/Developer/SDKs/MacOSX10.12.sdk -fasm-blocks -fstrict-aliasing -Wdeprecated-declarations -mmacosx-version-min=10.12 -g -Wno-sign-conversion -Wno-infinite-recursion -I/Users/Diego/Documents/ECE\ -\ 275/Project\ 5/Build/CMakeFiles/CMakeTmp/Debug/include -I/Users/Diego/Documents/ECE\ -\ 275/Project\ 5/Build/CMakeFiles/CMakeTmp/CMAKE_TRY_COMPILE.build/Debug/cmTC_ce42a.build/DerivedSources/x86_64 -I/Users/Diego/Documents/ECE\ -\ 275/Project\ 5/Build/CMakeFiles/CMakeTmp/CMAKE_TRY_COMPILE.build/Debug/cmTC_ce42a.build/DerivedSources -Wmost -Wno-four-char-constants -Wno-unknown-pragmas -F/Users/Diego/Documents/ECE\ -\ 275/Project\ 5/Build/CMakeFiles/CMakeTmp/Debug -std=c90 -MMD -MT dependencies -MF /Users/Diego/Documents/ECE\ -\ 275/Project\ 5/Build/CMakeFiles/CMakeTmp/CMAKE_TRY_COMPILE.build/Debug/cmTC_ce42a.build/Objects-normal/x86_64/feature_tests.d --serialize-diagnostics /Users/Diego/Documents/ECE\ -\ 275/Project\ 5/Build/CMakeFiles/CMakeTmp/CMAKE_TRY_COMPILE.build/Debug/cmTC_ce42a.build/Objects-normal/x86_64/feature_tests.dia -c /Users/Diego/Documents/ECE\ -\ 275/Project\ 5/Build/CMakeFiles/feature_tests.c -o /Users/Diego/Documents/ECE\ -\ 275/Project\ 5/Build/CMakeFiles/CMakeTmp/CMAKE_TRY_COMPILE.build/Debug/cmTC_ce42a.build/Objects-normal/x86_64/feature_tests.o

Ld Debug/cmTC_ce42a normal x86_64
    cd "/Users/Diego/Documents/ECE - 275/Project 5/Build/CMakeFiles/CMakeTmp"
    export MACOSX_DEPLOYMENT_TARGET=10.12
    /Applications/Xcode.app/Contents/Developer/Toolchains/XcodeDefault.xctoolchain/usr/bin/clang -arch x86_64 -isysroot /Applications/Xcode.app/Contents/Developer/Platforms/MacOSX.platform/Developer/SDKs/MacOSX10.12.sdk -L/Users/Diego/Documents/ECE\ -\ 275/Project\ 5/Build/CMakeFiles/CMakeTmp/Debug -F/Users/Diego/Documents/ECE\ -\ 275/Project\ 5/Build/CMakeFiles/CMakeTmp/Debug -filelist /Users/Diego/Documents/ECE\ -\ 275/Project\ 5/Build/CMakeFiles/CMakeTmp/CMAKE_TRY_COMPILE.build/Debug/cmTC_ce42a.build/Objects-normal/x86_64/cmTC_ce42a.LinkFileList -mmacosx-version-min=10.12 -Xlinker -object_path_lto -Xlinker /Users/Diego/Documents/ECE\ -\ 275/Project\ 5/Build/CMakeFiles/CMakeTmp/CMAKE_TRY_COMPILE.build/Debug/cmTC_ce42a.build/Objects-normal/x86_64/cmTC_ce42a_lto.o -Xlinker -no_deduplicate -Wl,-search_paths_first -Wl,-headerpad_max_install_names -Xlinker -dependency_info -Xlinker /Users/Diego/Documents/ECE\ -\ 275/Project\ 5/Build/CMakeFiles/CMakeTmp/CMAKE_TRY_COMPILE.build/Debug/cmTC_ce42a.build/Objects-normal/x86_64/cmTC_ce42a_dependency_info.dat -o /Users/Diego/Documents/ECE\ -\ 275/Project\ 5/Build/CMakeFiles/CMakeTmp/Debug/cmTC_ce42a

** BUILD SUCCEEDED **



    Feature record: C_FEATURE:1c_function_prototypes
    Feature record: C_FEATURE:0c_restrict
    Feature record: C_FEATURE:0c_static_assert
    Feature record: C_FEATURE:0c_variadic_macros
Determining if the CXX compiler works passed with the following output:
Change Dir: /Users/Diego/Documents/ECE - 275/Project 5/Build/CMakeFiles/CMakeTmp

Run Build Command:"/usr/bin/xcodebuild" "-project" "CMAKE_TRY_COMPILE.xcodeproj" "build" "-target" "cmTC_845cc" "-configuration" "Debug"
=== BUILD TARGET cmTC_845cc OF PROJECT CMAKE_TRY_COMPILE WITH CONFIGURATION Debug ===

Check dependencies

Write auxiliary files
/bin/mkdir -p /Users/Diego/Documents/ECE\ -\ 275/Project\ 5/Build/CMakeFiles/CMakeTmp/CMAKE_TRY_COMPILE.build/Debug/cmTC_845cc.build/Objects-normal/x86_64
write-file /Users/Diego/Documents/ECE\ -\ 275/Project\ 5/Build/CMakeFiles/CMakeTmp/CMAKE_TRY_COMPILE.build/Debug/cmTC_845cc.build/Objects-normal/x86_64/cmTC_845cc.LinkFileList

CompileC CMAKE_TRY_COMPILE.build/Debug/cmTC_845cc.build/Objects-normal/x86_64/testCXXCompiler.o testCXXCompiler.cxx normal x86_64 c++ com.apple.compilers.llvm.clang.1_0.compiler
    cd "/Users/Diego/Documents/ECE - 275/Project 5/Build/CMakeFiles/CMakeTmp"
    export LANG=en_US.US-ASCII
    /Applications/Xcode.app/Contents/Developer/Toolchains/XcodeDefault.xctoolchain/usr/bin/clang -x c++ -arch x86_64 -fmessage-length=0 -fdiagnostics-show-note-include-stack -fmacro-backtrace-limit=0 -Wno-trigraphs -fpascal-strings -O0 -Wno-missing-field-initializers -Wno-missing-prototypes -Wno-return-type -Wno-non-virtual-dtor -Wno-overloaded-virtual -Wno-exit-time-destructors -Wno-missing-braces -Wparentheses -Wswitch -Wno-unused-function -Wno-unused-label -Wno-unused-parameter -Wno-unused-variable -Wunused-value -Wno-empty-body -Wno-uninitialized -Wno-unknown-pragmas -Wno-shadow -Wno-four-char-constants -Wno-conversion -Wno-constant-conversion -Wno-int-conversion -Wno-bool-conversion -Wno-enum-conversion -Wno-shorten-64-to-32 -Wno-newline-eof -Wno-c++11-extensions -DCMAKE_INTDIR=\"Debug\" -isysroot /Applications/Xcode.app/Contents/Developer/Platforms/MacOSX.platform/Developer/SDKs/MacOSX10.12.sdk -fasm-blocks -fstrict-aliasing -Wdeprecated-declarations -Winvalid-offsetof -mmacosx-version-min=10.12 -g -Wno-sign-conversion -Wno-infinite-recursion -Wno-move -I/Users/Diego/Documents/ECE\ -\ 275/Project\ 5/Build/CMakeFiles/CMakeTmp/Debug/include -I/Users/Diego/Documents/ECE\ -\ 275/Project\ 5/Build/CMakeFiles/CMakeTmp/CMAKE_TRY_COMPILE.build/Debug/cmTC_845cc.build/DerivedSources/x86_64 -I/Users/Diego/Documents/ECE\ -\ 275/Project\ 5/Build/CMakeFiles/CMakeTmp/CMAKE_TRY_COMPILE.build/Debug/cmTC_845cc.build/DerivedSources -Wmost -Wno-four-char-constants -Wno-unknown-pragmas -F/Users/Diego/Documents/ECE\ -\ 275/Project\ 5/Build/CMakeFiles/CMakeTmp/Debug -MMD -MT dependencies -MF /Users/Diego/Documents/ECE\ -\ 275/Project\ 5/Build/CMakeFiles/CMakeTmp/CMAKE_TRY_COMPILE.build/Debug/cmTC_845cc.build/Objects-normal/x86_64/testCXXCompiler.d --serialize-diagnostics /Users/Diego/Documents/ECE\ -\ 275/Project\ 5/Build/CMakeFiles/CMakeTmp/CMAKE_TRY_COMPILE.build/Debug/cmTC_845cc.build/Objects-normal/x86_64/testCXXCompiler.dia -c /Users/Diego/Documents/ECE\ -\ 275/Project\ 5/Build/CMakeFiles/CMakeTmp/testCXXCompiler.cxx -o /Users/Diego/Documents/ECE\ -\ 275/Project\ 5/Build/CMakeFiles/CMakeTmp/CMAKE_TRY_COMPILE.build/Debug/cmTC_845cc.build/Objects-normal/x86_64/testCXXCompiler.o

Ld Debug/cmTC_845cc normal x86_64
    cd "/Users/Diego/Documents/ECE - 275/Project 5/Build/CMakeFiles/CMakeTmp"
    export MACOSX_DEPLOYMENT_TARGET=10.12
    /Applications/Xcode.app/Contents/Developer/Toolchains/XcodeDefault.xctoolchain/usr/bin/clang++ -arch x86_64 -isysroot /Applications/Xcode.app/Contents/Developer/Platforms/MacOSX.platform/Developer/SDKs/MacOSX10.12.sdk -L/Users/Diego/Documents/ECE\ -\ 275/Project\ 5/Build/CMakeFiles/CMakeTmp/Debug -F/Users/Diego/Documents/ECE\ -\ 275/Project\ 5/Build/CMakeFiles/CMakeTmp/Debug -filelist /Users/Diego/Documents/ECE\ -\ 275/Project\ 5/Build/CMakeFiles/CMakeTmp/CMAKE_TRY_COMPILE.build/Debug/cmTC_845cc.build/Objects-normal/x86_64/cmTC_845cc.LinkFileList -mmacosx-version-min=10.12 -Xlinker -object_path_lto -Xlinker /Users/Diego/Documents/ECE\ -\ 275/Project\ 5/Build/CMakeFiles/CMakeTmp/CMAKE_TRY_COMPILE.build/Debug/cmTC_845cc.build/Objects-normal/x86_64/cmTC_845cc_lto.o -Xlinker -no_deduplicate -Wl,-search_paths_first -Wl,-headerpad_max_install_names -Xlinker -dependency_info -Xlinker /Users/Diego/Documents/ECE\ -\ 275/Project\ 5/Build/CMakeFiles/CMakeTmp/CMAKE_TRY_COMPILE.build/Debug/cmTC_845cc.build/Objects-normal/x86_64/cmTC_845cc_dependency_info.dat -o /Users/Diego/Documents/ECE\ -\ 275/Project\ 5/Build/CMakeFiles/CMakeTmp/Debug/cmTC_845cc

** BUILD SUCCEEDED **



Detecting CXX compiler ABI info compiled with the following output:
Change Dir: /Users/Diego/Documents/ECE - 275/Project 5/Build/CMakeFiles/CMakeTmp

Run Build Command:"/usr/bin/xcodebuild" "-project" "CMAKE_TRY_COMPILE.xcodeproj" "build" "-target" "cmTC_6db36" "-configuration" "Debug"
=== BUILD TARGET cmTC_6db36 OF PROJECT CMAKE_TRY_COMPILE WITH CONFIGURATION Debug ===

Check dependencies

Write auxiliary files
/bin/mkdir -p /Users/Diego/Documents/ECE\ -\ 275/Project\ 5/Build/CMakeFiles/CMakeTmp/CMAKE_TRY_COMPILE.build/Debug/cmTC_6db36.build/Objects-normal/x86_64
write-file /Users/Diego/Documents/ECE\ -\ 275/Project\ 5/Build/CMakeFiles/CMakeTmp/CMAKE_TRY_COMPILE.build/Debug/cmTC_6db36.build/Objects-normal/x86_64/cmTC_6db36.LinkFileList

CompileC CMAKE_TRY_COMPILE.build/Debug/cmTC_6db36.build/Objects-normal/x86_64/CMakeCXXCompilerABI.o /Applications/CMake.app/Contents/share/cmake-3.6/Modules/CMakeCXXCompilerABI.cpp normal x86_64 c++ com.apple.compilers.llvm.clang.1_0.compiler
    cd "/Users/Diego/Documents/ECE - 275/Project 5/Build/CMakeFiles/CMakeTmp"
    export LANG=en_US.US-ASCII
    /Applications/Xcode.app/Contents/Developer/Toolchains/XcodeDefault.xctoolchain/usr/bin/clang -x c++ -arch x86_64 -fmessage-length=0 -fdiagnostics-show-note-include-stack -fmacro-backtrace-limit=0 -Wno-trigraphs -fpascal-strings -O0 -Wno-missing-field-initializers -Wno-missing-prototypes -Wno-return-type -Wno-non-virtual-dtor -Wno-overloaded-virtual -Wno-exit-time-destructors -Wno-missing-braces -Wparentheses -Wswitch -Wno-unused-function -Wno-unused-label -Wno-unused-parameter -Wno-unused-variable -Wunused-value -Wno-empty-body -Wno-uninitialized -Wno-unknown-pragmas -Wno-shadow -Wno-four-char-constants -Wno-conversion -Wno-constant-conversion -Wno-int-conversion -Wno-bool-conversion -Wno-enum-conversion -Wno-shorten-64-to-32 -Wno-newline-eof -Wno-c++11-extensions -DCMAKE_INTDIR=\"Debug\" -isysroot /Applications/Xcode.app/Contents/Developer/Platforms/MacOSX.platform/Developer/SDKs/MacOSX10.12.sdk -fasm-blocks -fstrict-aliasing -Wdeprecated-declarations -Winvalid-offsetof -mmacosx-version-min=10.12 -g -Wno-sign-conversion -Wno-infinite-recursion -Wno-move -I/Users/Diego/Documents/ECE\ -\ 275/Project\ 5/Build/CMakeFiles/CMakeTmp/Debug/include -I/Users/Diego/Documents/ECE\ -\ 275/Project\ 5/Build/CMakeFiles/CMakeTmp/CMAKE_TRY_COMPILE.build/Debug/cmTC_6db36.build/DerivedSources/x86_64 -I/Users/Diego/Documents/ECE\ -\ 275/Project\ 5/Build/CMakeFiles/CMakeTmp/CMAKE_TRY_COMPILE.build/Debug/cmTC_6db36.build/DerivedSources -Wmost -Wno-four-char-constants -Wno-unknown-pragmas -F/Users/Diego/Documents/ECE\ -\ 275/Project\ 5/Build/CMakeFiles/CMakeTmp/Debug -MMD -MT dependencies -MF /Users/Diego/Documents/ECE\ -\ 275/Project\ 5/Build/CMakeFiles/CMakeTmp/CMAKE_TRY_COMPILE.build/Debug/cmTC_6db36.build/Objects-normal/x86_64/CMakeCXXCompilerABI.d --serialize-diagnostics /Users/Diego/Documents/ECE\ -\ 275/Project\ 5/Build/CMakeFiles/CMakeTmp/CMAKE_TRY_COMPILE.build/Debug/cmTC_6db36.build/Objects-normal/x86_64/CMakeCXXCompilerABI.dia -c /Applications/CMake.app/Contents/share/cmake-3.6/Modules/CMakeCXXCompilerABI.cpp -o /Users/Diego/Documents/ECE\ -\ 275/Project\ 5/Build/CMakeFiles/CMakeTmp/CMAKE_TRY_COMPILE.build/Debug/cmTC_6db36.build/Objects-normal/x86_64/CMakeCXXCompilerABI.o

Ld Debug/cmTC_6db36 normal x86_64
    cd "/Users/Diego/Documents/ECE - 275/Project 5/Build/CMakeFiles/CMakeTmp"
    export MACOSX_DEPLOYMENT_TARGET=10.12
    /Applications/Xcode.app/Contents/Developer/Toolchains/XcodeDefault.xctoolchain/usr/bin/clang++ -arch x86_64 -isysroot /Applications/Xcode.app/Contents/Developer/Platforms/MacOSX.platform/Developer/SDKs/MacOSX10.12.sdk -L/Users/Diego/Documents/ECE\ -\ 275/Project\ 5/Build/CMakeFiles/CMakeTmp/Debug -F/Users/Diego/Documents/ECE\ -\ 275/Project\ 5/Build/CMakeFiles/CMakeTmp/Debug -filelist /Users/Diego/Documents/ECE\ -\ 275/Project\ 5/Build/CMakeFiles/CMakeTmp/CMAKE_TRY_COMPILE.build/Debug/cmTC_6db36.build/Objects-normal/x86_64/cmTC_6db36.LinkFileList -mmacosx-version-min=10.12 -Xlinker -object_path_lto -Xlinker /Users/Diego/Documents/ECE\ -\ 275/Project\ 5/Build/CMakeFiles/CMakeTmp/CMAKE_TRY_COMPILE.build/Debug/cmTC_6db36.build/Objects-normal/x86_64/cmTC_6db36_lto.o -Xlinker -no_deduplicate -v -Wl,-v -Wl,-search_paths_first -Wl,-headerpad_max_install_names -Xlinker -dependency_info -Xlinker /Users/Diego/Documents/ECE\ -\ 275/Project\ 5/Build/CMakeFiles/CMakeTmp/CMAKE_TRY_COMPILE.build/Debug/cmTC_6db36.build/Objects-normal/x86_64/cmTC_6db36_dependency_info.dat -o /Users/Diego/Documents/ECE\ -\ 275/Project\ 5/Build/CMakeFiles/CMakeTmp/Debug/cmTC_6db36
Apple LLVM version 8.0.0 (clang-800.0.42.1)
Target: x86_64-apple-darwin16.1.0
Thread model: posix
InstalledDir: /Applications/Xcode.app/Contents/Developer/Toolchains/XcodeDefault.xctoolchain/usr/bin
 "/Applications/Xcode.app/Contents/Developer/Toolchains/XcodeDefault.xctoolchain/usr/bin/ld" -demangle -dynamic -arch x86_64 -macosx_version_min 10.12.0 -syslibroot /Applications/Xcode.app/Contents/Developer/Platforms/MacOSX.platform/Developer/SDKs/MacOSX10.12.sdk -o /Users/Diego/Documents/ECE - 275/Project 5/Build/CMakeFiles/CMakeTmp/Debug/cmTC_6db36 -L/Users/Diego/Documents/ECE - 275/Project 5/Build/CMakeFiles/CMakeTmp/Debug -filelist /Users/Diego/Documents/ECE - 275/Project 5/Build/CMakeFiles/CMakeTmp/CMAKE_TRY_COMPILE.build/Debug/cmTC_6db36.build/Objects-normal/x86_64/cmTC_6db36.LinkFileList -object_path_lto /Users/Diego/Documents/ECE - 275/Project 5/Build/CMakeFiles/CMakeTmp/CMAKE_TRY_COMPILE.build/Debug/cmTC_6db36.build/Objects-normal/x86_64/cmTC_6db36_lto.o -no_deduplicate -v -search_paths_first -headerpad_max_install_names -dependency_info /Users/Diego/Documents/ECE - 275/Project 5/Build/CMakeFiles/CMakeTmp/CMAKE_TRY_COMPILE.build/Debug/cmTC_6db36.build/Objects-normal/x86_64/cmTC_6db36_dependency_info.dat -lc++ -lSystem /Applications/Xcode.app/Contents/Developer/Toolchains/XcodeDefault.xctoolchain/usr/bin/../lib/clang/8.0.0/lib/darwin/libclang_rt.osx.a -F/Users/Diego/Documents/ECE - 275/Project 5/Build/CMakeFiles/CMakeTmp/Debug
@(#)PROGRAM:ld  PROJECT:ld64-274.1
configured to support archs: armv6 armv7 armv7s arm64 i386 x86_64 x86_64h armv6m armv7k armv7m armv7em (tvOS)
Library search paths:
	/Users/Diego/Documents/ECE - 275/Project 5/Build/CMakeFiles/CMakeTmp/Debug
	/Applications/Xcode.app/Contents/Developer/Platforms/MacOSX.platform/Developer/SDKs/MacOSX10.12.sdk/usr/lib
Framework search paths:
	/Users/Diego/Documents/ECE - 275/Project 5/Build/CMakeFiles/CMakeTmp/Debug
	/Applications/Xcode.app/Contents/Developer/Platforms/MacOSX.platform/Developer/SDKs/MacOSX10.12.sdk/System/Library/Frameworks/

** BUILD SUCCEEDED **



Parsed CXX implicit link information from above output:
  link line regex: [^( *|.*[/\])(ld|([^/\]+-)?ld|collect2)[^/\]*( |$)]
  ignore line: [Change Dir: /Users/Diego/Documents/ECE - 275/Project 5/Build/CMakeFiles/CMakeTmp]
  ignore line: []
  ignore line: [Run Build Command:"/usr/bin/xcodebuild" "-project" "CMAKE_TRY_COMPILE.xcodeproj" "build" "-target" "cmTC_6db36" "-configuration" "Debug"]
  ignore line: [=== BUILD TARGET cmTC_6db36 OF PROJECT CMAKE_TRY_COMPILE WITH CONFIGURATION Debug ===]
  ignore line: []
  ignore line: [Check dependencies]
  ignore line: []
  ignore line: [Write auxiliary files]
  ignore line: [/bin/mkdir -p /Users/Diego/Documents/ECE\ -\ 275/Project\ 5/Build/CMakeFiles/CMakeTmp/CMAKE_TRY_COMPILE.build/Debug/cmTC_6db36.build/Objects-normal/x86_64]
  ignore line: [write-file /Users/Diego/Documents/ECE\ -\ 275/Project\ 5/Build/CMakeFiles/CMakeTmp/CMAKE_TRY_COMPILE.build/Debug/cmTC_6db36.build/Objects-normal/x86_64/cmTC_6db36.LinkFileList]
  ignore line: []
  ignore line: [CompileC CMAKE_TRY_COMPILE.build/Debug/cmTC_6db36.build/Objects-normal/x86_64/CMakeCXXCompilerABI.o /Applications/CMake.app/Contents/share/cmake-3.6/Modules/CMakeCXXCompilerABI.cpp normal x86_64 c++ com.apple.compilers.llvm.clang.1_0.compiler]
  ignore line: [    cd "/Users/Diego/Documents/ECE - 275/Project 5/Build/CMakeFiles/CMakeTmp"]
  ignore line: [    export LANG=en_US.US-ASCII]
  ignore line: [    /Applications/Xcode.app/Contents/Developer/Toolchains/XcodeDefault.xctoolchain/usr/bin/clang -x c++ -arch x86_64 -fmessage-length=0 -fdiagnostics-show-note-include-stack -fmacro-backtrace-limit=0 -Wno-trigraphs -fpascal-strings -O0 -Wno-missing-field-initializers -Wno-missing-prototypes -Wno-return-type -Wno-non-virtual-dtor -Wno-overloaded-virtual -Wno-exit-time-destructors -Wno-missing-braces -Wparentheses -Wswitch -Wno-unused-function -Wno-unused-label -Wno-unused-parameter -Wno-unused-variable -Wunused-value -Wno-empty-body -Wno-uninitialized -Wno-unknown-pragmas -Wno-shadow -Wno-four-char-constants -Wno-conversion -Wno-constant-conversion -Wno-int-conversion -Wno-bool-conversion -Wno-enum-conversion -Wno-shorten-64-to-32 -Wno-newline-eof -Wno-c++11-extensions -DCMAKE_INTDIR=\"Debug\" -isysroot /Applications/Xcode.app/Contents/Developer/Platforms/MacOSX.platform/Developer/SDKs/MacOSX10.12.sdk -fasm-blocks -fstrict-aliasing -Wdeprecated-declarations -Winvalid-offsetof -mmacosx-version-min=10.12 -g -Wno-sign-conversion -Wno-infinite-recursion -Wno-move -I/Users/Diego/Documents/ECE\ -\ 275/Project\ 5/Build/CMakeFiles/CMakeTmp/Debug/include -I/Users/Diego/Documents/ECE\ -\ 275/Project\ 5/Build/CMakeFiles/CMakeTmp/CMAKE_TRY_COMPILE.build/Debug/cmTC_6db36.build/DerivedSources/x86_64 -I/Users/Diego/Documents/ECE\ -\ 275/Project\ 5/Build/CMakeFiles/CMakeTmp/CMAKE_TRY_COMPILE.build/Debug/cmTC_6db36.build/DerivedSources -Wmost -Wno-four-char-constants -Wno-unknown-pragmas -F/Users/Diego/Documents/ECE\ -\ 275/Project\ 5/Build/CMakeFiles/CMakeTmp/Debug -MMD -MT dependencies -MF /Users/Diego/Documents/ECE\ -\ 275/Project\ 5/Build/CMakeFiles/CMakeTmp/CMAKE_TRY_COMPILE.build/Debug/cmTC_6db36.build/Objects-normal/x86_64/CMakeCXXCompilerABI.d --serialize-diagnostics /Users/Diego/Documents/ECE\ -\ 275/Project\ 5/Build/CMakeFiles/CMakeTmp/CMAKE_TRY_COMPILE.build/Debug/cmTC_6db36.build/Objects-normal/x86_64/CMakeCXXCompilerABI.dia -c /Applications/CMake.app/Contents/share/cmake-3.6/Modules/CMakeCXXCompilerABI.cpp -o /Users/Diego/Documents/ECE\ -\ 275/Project\ 5/Build/CMakeFiles/CMakeTmp/CMAKE_TRY_COMPILE.build/Debug/cmTC_6db36.build/Objects-normal/x86_64/CMakeCXXCompilerABI.o]
  ignore line: []
  ignore line: [Ld Debug/cmTC_6db36 normal x86_64]
  ignore line: [    cd "/Users/Diego/Documents/ECE - 275/Project 5/Build/CMakeFiles/CMakeTmp"]
  ignore line: [    export MACOSX_DEPLOYMENT_TARGET=10.12]
  ignore line: [    /Applications/Xcode.app/Contents/Developer/Toolchains/XcodeDefault.xctoolchain/usr/bin/clang++ -arch x86_64 -isysroot /Applications/Xcode.app/Contents/Developer/Platforms/MacOSX.platform/Developer/SDKs/MacOSX10.12.sdk -L/Users/Diego/Documents/ECE\ -\ 275/Project\ 5/Build/CMakeFiles/CMakeTmp/Debug -F/Users/Diego/Documents/ECE\ -\ 275/Project\ 5/Build/CMakeFiles/CMakeTmp/Debug -filelist /Users/Diego/Documents/ECE\ -\ 275/Project\ 5/Build/CMakeFiles/CMakeTmp/CMAKE_TRY_COMPILE.build/Debug/cmTC_6db36.build/Objects-normal/x86_64/cmTC_6db36.LinkFileList -mmacosx-version-min=10.12 -Xlinker -object_path_lto -Xlinker /Users/Diego/Documents/ECE\ -\ 275/Project\ 5/Build/CMakeFiles/CMakeTmp/CMAKE_TRY_COMPILE.build/Debug/cmTC_6db36.build/Objects-normal/x86_64/cmTC_6db36_lto.o -Xlinker -no_deduplicate -v -Wl,-v -Wl,-search_paths_first -Wl,-headerpad_max_install_names -Xlinker -dependency_info -Xlinker /Users/Diego/Documents/ECE\ -\ 275/Project\ 5/Build/CMakeFiles/CMakeTmp/CMAKE_TRY_COMPILE.build/Debug/cmTC_6db36.build/Objects-normal/x86_64/cmTC_6db36_dependency_info.dat -o /Users/Diego/Documents/ECE\ -\ 275/Project\ 5/Build/CMakeFiles/CMakeTmp/Debug/cmTC_6db36]
  ignore line: [Apple LLVM version 8.0.0 (clang-800.0.42.1)]
  ignore line: [Target: x86_64-apple-darwin16.1.0]
  ignore line: [Thread model: posix]
  ignore line: [InstalledDir: /Applications/Xcode.app/Contents/Developer/Toolchains/XcodeDefault.xctoolchain/usr/bin]
  reduced line: [ "/Applications/Xcode.app/Contents/Developer/Toolchains/XcodeDefault.xctoolchain/usr/bin/ld" -demangle -dynamic -arch x86_64 -macosx_version_min 10.12.0 -syslibroot /Applications/Xcode.app/Contents/Developer/Platforms/MacOSX.platform/Developer/SDKs/MacOSX10.12.sdk -o /Users/Diego/Documents/ECE - 275/Project 5/Build/CMakeFiles/CMakeTmp/Debug/cmTC_6db36 -L/Users/Diego/Documents/ECE - 275/Project 5/Build/CMakeFiles/CMakeTmp/Debug -filelist /Users/Diego/Documents/ECE - 275/Project 5/Build/CMakeFiles/CMakeTmp/CMAKE_TRY_COMPILE.build/Debug/cmTC_6db36.build/Objects-normal/x86_64/cmTC_6db36.LinkFileList -object_path_lto /Users/Diego/Documents/ECE - 275/Project 5/Build/CMakeFiles/CMakeTmp/CMAKE_TRY_COMPILE.build/Debug/cmTC_6db36.build/Objects-normal/x86_64/cmTC_6db36_lto.o -no_deduplicate -v -search_paths_first -headerpad_max_install_names -dependency_info /Users/Diego/Documents/ECE - 275/Project 5/Build/CMakeFiles/CMakeTmp/CMAKE_TRY_COMPILE.build/Debug/cmTC_6db36.build/Objects-normal/x86_64/cmTC_6db36_dependency_info.dat -lc++ -lSystem /Applications/Xcode.app/Contents/Developer/Toolchains/XcodeDefault.xctoolchain/usr/bin/../lib/clang/8.0.0/lib/darwin/libclang_rt.osx.a -F/Users/Diego/Documents/ECE - 275/Project 5/Build/CMakeFiles/CMakeTmp/Debug]
            to: [ "/Applications/Xcode.app/Contents/Developer/Toolchains/XcodeDefault.xctoolchain/usr/bin/ld" -demangle -dynamic -arch x86_64 -macosx_version_min 10.12.0 -syslibroot /Applications/Xcode.app/Contents/Developer/Platforms/MacOSX.platform/Developer/SDKs/MacOSX10.12.sdk -o /Users/Diego/Documents/ECE - 275/Project 5/Build/CMakeFiles/CMakeTmp/Debug/cmTC_6db36 -filelist /Users/Diego/Documents/ECE - 275/Project 5/Build/CMakeFiles/CMakeTmp/CMAKE_TRY_COMPILE.build/Debug/cmTC_6db36.build/Objects-normal/x86_64/cmTC_6db36.LinkFileList -object_path_lto /Users/Diego/Documents/ECE - 275/Project 5/Build/CMakeFiles/CMakeTmp/CMAKE_TRY_COMPILE.build/Debug/cmTC_6db36.build/Objects-normal/x86_64/cmTC_6db36_lto.o -no_deduplicate -v -search_paths_first -headerpad_max_install_names -dependency_info /Users/Diego/Documents/ECE - 275/Project 5/Build/CMakeFiles/CMakeTmp/CMAKE_TRY_COMPILE.build/Debug/cmTC_6db36.build/Objects-normal/x86_64/cmTC_6db36_dependency_info.dat -lc++ -lSystem /Applications/Xcode.app/Contents/Developer/Toolchains/XcodeDefault.xctoolchain/usr/bin/../lib/clang/8.0.0/lib/darwin/libclang_rt.osx.a ]
  link line: [ "/Applications/Xcode.app/Contents/Developer/Toolchains/XcodeDefault.xctoolchain/usr/bin/ld" -demangle -dynamic -arch x86_64 -macosx_version_min 10.12.0 -syslibroot /Applications/Xcode.app/Contents/Developer/Platforms/MacOSX.platform/Developer/SDKs/MacOSX10.12.sdk -o /Users/Diego/Documents/ECE - 275/Project 5/Build/CMakeFiles/CMakeTmp/Debug/cmTC_6db36 -filelist /Users/Diego/Documents/ECE - 275/Project 5/Build/CMakeFiles/CMakeTmp/CMAKE_TRY_COMPILE.build/Debug/cmTC_6db36.build/Objects-normal/x86_64/cmTC_6db36.LinkFileList -object_path_lto /Users/Diego/Documents/ECE - 275/Project 5/Build/CMakeFiles/CMakeTmp/CMAKE_TRY_COMPILE.build/Debug/cmTC_6db36.build/Objects-normal/x86_64/cmTC_6db36_lto.o -no_deduplicate -v -search_paths_first -headerpad_max_install_names -dependency_info /Users/Diego/Documents/ECE - 275/Project 5/Build/CMakeFiles/CMakeTmp/CMAKE_TRY_COMPILE.build/Debug/cmTC_6db36.build/Objects-normal/x86_64/cmTC_6db36_dependency_info.dat -lc++ -lSystem /Applications/Xcode.app/Contents/Developer/Toolchains/XcodeDefault.xctoolchain/usr/bin/../lib/clang/8.0.0/lib/darwin/libclang_rt.osx.a ]
    arg [/Applications/Xcode.app/Contents/Developer/Toolchains/XcodeDefault.xctoolchain/usr/bin/ld] ==> ignore
    arg [-demangle] ==> ignore
    arg [-dynamic] ==> ignore
    arg [-arch] ==> ignore
    arg [x86_64] ==> ignore
    arg [-macosx_version_min] ==> ignore
    arg [10.12.0] ==> ignore
    arg [-syslibroot] ==> ignore
    arg [/Applications/Xcode.app/Contents/Developer/Platforms/MacOSX.platform/Developer/SDKs/MacOSX10.12.sdk] ==> ignore
    arg [-o] ==> ignore
    arg [/Users/Diego/Documents/ECE] ==> ignore
    arg [-] ==> ignore
    arg [275/Project] ==> ignore
    arg [5/Build/CMakeFiles/CMakeTmp/Debug/cmTC_6db36] ==> ignore
    arg [-filelist] ==> ignore
    arg [/Users/Diego/Documents/ECE] ==> ignore
    arg [-] ==> ignore
    arg [275/Project] ==> ignore
    arg [5/Build/CMakeFiles/CMakeTmp/CMAKE_TRY_COMPILE.build/Debug/cmTC_6db36.build/Objects-normal/x86_64/cmTC_6db36.LinkFileList] ==> ignore
    arg [-object_path_lto] ==> ignore
    arg [/Users/Diego/Documents/ECE] ==> ignore
    arg [-] ==> ignore
    arg [275/Project] ==> ignore
    arg [5/Build/CMakeFiles/CMakeTmp/CMAKE_TRY_COMPILE.build/Debug/cmTC_6db36.build/Objects-normal/x86_64/cmTC_6db36_lto.o] ==> ignore
    arg [-no_deduplicate] ==> ignore
    arg [-v] ==> ignore
    arg [-search_paths_first] ==> ignore
    arg [-headerpad_max_install_names] ==> ignore
    arg [-dependency_info] ==> ignore
    arg [/Users/Diego/Documents/ECE] ==> ignore
    arg [-] ==> ignore
    arg [275/Project] ==> ignore
    arg [5/Build/CMakeFiles/CMakeTmp/CMAKE_TRY_COMPILE.build/Debug/cmTC_6db36.build/Objects-normal/x86_64/cmTC_6db36_dependency_info.dat] ==> ignore
    arg [-lc++] ==> lib [c++]
    arg [-lSystem] ==> lib [System]
    arg [/Applications/Xcode.app/Contents/Developer/Toolchains/XcodeDefault.xctoolchain/usr/bin/../lib/clang/8.0.0/lib/darwin/libclang_rt.osx.a] ==> lib [/Applications/Xcode.app/Contents/Developer/Toolchains/XcodeDefault.xctoolchain/usr/bin/../lib/clang/8.0.0/lib/darwin/libclang_rt.osx.a]
  Library search paths: [;/Users/Diego/Documents/ECE - 275/Project 5/Build/CMakeFiles/CMakeTmp/Debug;/Applications/Xcode.app/Contents/Developer/Platforms/MacOSX.platform/Developer/SDKs/MacOSX10.12.sdk/usr/lib]
  Framework search paths: [;/Users/Diego/Documents/ECE - 275/Project 5/Build/CMakeFiles/CMakeTmp/Debug;/Applications/Xcode.app/Contents/Developer/Platforms/MacOSX.platform/Developer/SDKs/MacOSX10.12.sdk/System/Library/Frameworks/]
  remove lib [System]
  collapse lib [/Applications/Xcode.app/Contents/Developer/Toolchains/XcodeDefault.xctoolchain/usr/bin/../lib/clang/8.0.0/lib/darwin/libclang_rt.osx.a] ==> [/Applications/Xcode.app/Contents/Developer/Toolchains/XcodeDefault.xctoolchain/usr/lib/clang/8.0.0/lib/darwin/libclang_rt.osx.a]
  collapse library dir [/Users/Diego/Documents/ECE - 275/Project 5/Build/CMakeFiles/CMakeTmp/Debug] ==> [/Users/Diego/Documents/ECE - 275/Project 5/Build/CMakeFiles/CMakeTmp/Debug], skipping non-system directory
  collapse library dir [/Applications/Xcode.app/Contents/Developer/Platforms/MacOSX.platform/Developer/SDKs/MacOSX10.12.sdk/usr/lib] ==> [/Applications/Xcode.app/Contents/Developer/Platforms/MacOSX.platform/Developer/SDKs/MacOSX10.12.sdk/usr/lib]
  collapse framework dir [/Users/Diego/Documents/ECE - 275/Project 5/Build/CMakeFiles/CMakeTmp/Debug] ==> [/Users/Diego/Documents/ECE - 275/Project 5/Build/CMakeFiles/CMakeTmp/Debug], skipping non-system directory
  collapse framework dir [/Applications/Xcode.app/Contents/Developer/Platforms/MacOSX.platform/Developer/SDKs/MacOSX10.12.sdk/System/Library/Frameworks/] ==> [/Applications/Xcode.app/Contents/Developer/Platforms/MacOSX.platform/Developer/SDKs/MacOSX10.12.sdk/System/Library/Frameworks]
  implicit libs: [c++;/Applications/Xcode.app/Contents/Developer/Toolchains/XcodeDefault.xctoolchain/usr/lib/clang/8.0.0/lib/darwin/libclang_rt.osx.a]
  implicit dirs: [/Applications/Xcode.app/Contents/Developer/Platforms/MacOSX.platform/Developer/SDKs/MacOSX10.12.sdk/usr/lib]
  implicit fwks: [/Applications/Xcode.app/Contents/Developer/Platforms/MacOSX.platform/Developer/SDKs/MacOSX10.12.sdk/System/Library/Frameworks]




Detecting CXX [-std=c++14] compiler features compiled with the following output:
Change Dir: /Users/Diego/Documents/ECE - 275/Project 5/Build/CMakeFiles/CMakeTmp

Run Build Command:"/usr/bin/xcodebuild" "-project" "CMAKE_TRY_COMPILE.xcodeproj" "build" "-target" "cmTC_e8bb3" "-configuration" "Debug"
=== BUILD TARGET cmTC_e8bb3 OF PROJECT CMAKE_TRY_COMPILE WITH CONFIGURATION Debug ===

Check dependencies

Write auxiliary files
/bin/mkdir -p /Users/Diego/Documents/ECE\ -\ 275/Project\ 5/Build/CMakeFiles/CMakeTmp/CMAKE_TRY_COMPILE.build/Debug/cmTC_e8bb3.build/Objects-normal/x86_64
write-file /Users/Diego/Documents/ECE\ -\ 275/Project\ 5/Build/CMakeFiles/CMakeTmp/CMAKE_TRY_COMPILE.build/Debug/cmTC_e8bb3.build/Objects-normal/x86_64/cmTC_e8bb3.LinkFileList

CompileC CMAKE_TRY_COMPILE.build/Debug/cmTC_e8bb3.build/Objects-normal/x86_64/feature_tests.o /Users/Diego/Documents/ECE\ -\ 275/Project\ 5/Build/CMakeFiles/feature_tests.cxx normal x86_64 c++ com.apple.compilers.llvm.clang.1_0.compiler
    cd "/Users/Diego/Documents/ECE - 275/Project 5/Build/CMakeFiles/CMakeTmp"
    export LANG=en_US.US-ASCII
    /Applications/Xcode.app/Contents/Developer/Toolchains/XcodeDefault.xctoolchain/usr/bin/clang -x c++ -arch x86_64 -fmessage-length=0 -fdiagnostics-show-note-include-stack -fmacro-backtrace-limit=0 -Wno-trigraphs -fpascal-strings -O0 -Wno-missing-field-initializers -Wno-missing-prototypes -Wno-return-type -Wno-non-virtual-dtor -Wno-overloaded-virtual -Wno-exit-time-destructors -Wno-missing-braces -Wparentheses -Wswitch -Wno-unused-function -Wno-unused-label -Wno-unused-parameter -Wno-unused-variable -Wunused-value -Wno-empty-body -Wno-uninitialized -Wno-unknown-pragmas -Wno-shadow -Wno-four-char-constants -Wno-conversion -Wno-constant-conversion -Wno-int-conversion -Wno-bool-conversion -Wno-enum-conversion -Wno-shorten-64-to-32 -Wno-newline-eof -Wno-c++11-extensions -DCMAKE_INTDIR=\"Debug\" -isysroot /Applications/Xcode.app/Contents/Developer/Platforms/MacOSX.platform/Developer/SDKs/MacOSX10.12.sdk -fasm-blocks -fstrict-aliasing -Wdeprecated-declarations -Winvalid-offsetof -mmacosx-version-min=10.12 -g -Wno-sign-conversion -Wno-infinite-recursion -Wno-move -I/Users/Diego/Documents/ECE\ -\ 275/Project\ 5/Build/CMakeFiles/CMakeTmp/Debug/include -I/Users/Diego/Documents/ECE\ -\ 275/Project\ 5/Build/CMakeFiles/CMakeTmp/CMAKE_TRY_COMPILE.build/Debug/cmTC_e8bb3.build/DerivedSources/x86_64 -I/Users/Diego/Documents/ECE\ -\ 275/Project\ 5/Build/CMakeFiles/CMakeTmp/CMAKE_TRY_COMPILE.build/Debug/cmTC_e8bb3.build/DerivedSources -Wmost -Wno-four-char-constants -Wno-unknown-pragmas -F/Users/Diego/Documents/ECE\ -\ 275/Project\ 5/Build/CMakeFiles/CMakeTmp/Debug -std=c++14 -MMD -MT dependencies -MF /Users/Diego/Documents/ECE\ -\ 275/Project\ 5/Build/CMakeFiles/CMakeTmp/CMAKE_TRY_COMPILE.build/Debug/cmTC_e8bb3.build/Objects-normal/x86_64/feature_tests.d --serialize-diagnostics /Users/Diego/Documents/ECE\ -\ 275/Project\ 5/Build/CMakeFiles/CMakeTmp/CMAKE_TRY_COMPILE.build/Debug/cmTC_e8bb3.build/Objects-normal/x86_64/feature_tests.dia -c /Users/Diego/Documents/ECE\ -\ 275/Project\ 5/Build/CMakeFiles/feature_tests.cxx -o /Users/Diego/Documents/ECE\ -\ 275/Project\ 5/Build/CMakeFiles/CMakeTmp/CMAKE_TRY_COMPILE.build/Debug/cmTC_e8bb3.build/Objects-normal/x86_64/feature_tests.o

Ld Debug/cmTC_e8bb3 normal x86_64
    cd "/Users/Diego/Documents/ECE - 275/Project 5/Build/CMakeFiles/CMakeTmp"
    export MACOSX_DEPLOYMENT_TARGET=10.12
    /Applications/Xcode.app/Contents/Developer/Toolchains/XcodeDefault.xctoolchain/usr/bin/clang++ -arch x86_64 -isysroot /Applications/Xcode.app/Contents/Developer/Platforms/MacOSX.platform/Developer/SDKs/MacOSX10.12.sdk -L/Users/Diego/Documents/ECE\ -\ 275/Project\ 5/Build/CMakeFiles/CMakeTmp/Debug -F/Users/Diego/Documents/ECE\ -\ 275/Project\ 5/Build/CMakeFiles/CMakeTmp/Debug -filelist /Users/Diego/Documents/ECE\ -\ 275/Project\ 5/Build/CMakeFiles/CMakeTmp/CMAKE_TRY_COMPILE.build/Debug/cmTC_e8bb3.build/Objects-normal/x86_64/cmTC_e8bb3.LinkFileList -mmacosx-version-min=10.12 -Xlinker -object_path_lto -Xlinker /Users/Diego/Documents/ECE\ -\ 275/Project\ 5/Build/CMakeFiles/CMakeTmp/CMAKE_TRY_COMPILE.build/Debug/cmTC_e8bb3.build/Objects-normal/x86_64/cmTC_e8bb3_lto.o -Xlinker -no_deduplicate -Wl,-search_paths_first -Wl,-headerpad_max_install_names -Xlinker -dependency_info -Xlinker /Users/Diego/Documents/ECE\ -\ 275/Project\ 5/Build/CMakeFiles/CMakeTmp/CMAKE_TRY_COMPILE.build/Debug/cmTC_e8bb3.build/Objects-normal/x86_64/cmTC_e8bb3_dependency_info.dat -o /Users/Diego/Documents/ECE\ -\ 275/Project\ 5/Build/CMakeFiles/CMakeTmp/Debug/cmTC_e8bb3

** BUILD SUCCEEDED **



    Feature record: CXX_FEATURE:1cxx_aggregate_default_initializers
    Feature record: CXX_FEATURE:1cxx_alias_templates
    Feature record: CXX_FEATURE:1cxx_alignas
    Feature record: CXX_FEATURE:1cxx_alignof
    Feature record: CXX_FEATURE:1cxx_attributes
    Feature record: CXX_FEATURE:1cxx_attribute_deprecated
    Feature record: CXX_FEATURE:1cxx_auto_type
    Feature record: CXX_FEATURE:1cxx_binary_literals
    Feature record: CXX_FEATURE:1cxx_constexpr
    Feature record: CXX_FEATURE:1cxx_contextual_conversions
    Feature record: CXX_FEATURE:1cxx_decltype
    Feature record: CXX_FEATURE:1cxx_decltype_auto
    Feature record: CXX_FEATURE:1cxx_decltype_incomplete_return_types
    Feature record: CXX_FEATURE:1cxx_default_function_template_args
    Feature record: CXX_FEATURE:1cxx_defaulted_functions
    Feature record: CXX_FEATURE:1cxx_defaulted_move_initializers
    Feature record: CXX_FEATURE:1cxx_delegating_constructors
    Feature record: CXX_FEATURE:1cxx_deleted_functions
    Feature record: CXX_FEATURE:1cxx_digit_separators
    Feature record: CXX_FEATURE:1cxx_enum_forward_declarations
    Feature record: CXX_FEATURE:1cxx_explicit_conversions
    Feature record: CXX_FEATURE:1cxx_extended_friend_declarations
    Feature record: CXX_FEATURE:1cxx_extern_templates
    Feature record: CXX_FEATURE:1cxx_final
    Feature record: CXX_FEATURE:1cxx_func_identifier
    Feature record: CXX_FEATURE:1cxx_generalized_initializers
    Feature record: CXX_FEATURE:1cxx_generic_lambdas
    Feature record: CXX_FEATURE:1cxx_inheriting_constructors
    Feature record: CXX_FEATURE:1cxx_inline_namespaces
    Feature record: CXX_FEATURE:1cxx_lambdas
    Feature record: CXX_FEATURE:1cxx_lambda_init_captures
    Feature record: CXX_FEATURE:1cxx_local_type_template_args
    Feature record: CXX_FEATURE:1cxx_long_long_type
    Feature record: CXX_FEATURE:1cxx_noexcept
    Feature record: CXX_FEATURE:1cxx_nonstatic_member_init
    Feature record: CXX_FEATURE:1cxx_nullptr
    Feature record: CXX_FEATURE:1cxx_override
    Feature record: CXX_FEATURE:1cxx_range_for
    Feature record: CXX_FEATURE:1cxx_raw_string_literals
    Feature record: CXX_FEATURE:1cxx_reference_qualified_functions
    Feature record: CXX_FEATURE:1cxx_relaxed_constexpr
    Feature record: CXX_FEATURE:1cxx_return_type_deduction
    Feature record: CXX_FEATURE:1cxx_right_angle_brackets
    Feature record: CXX_FEATURE:1cxx_rvalue_references
    Feature record: CXX_FEATURE:1cxx_sizeof_member
    Feature record: CXX_FEATURE:1cxx_static_assert
    Feature record: CXX_FEATURE:1cxx_strong_enums
    Feature record: CXX_FEATURE:1cxx_template_template_parameters
    Feature record: CXX_FEATURE:1cxx_thread_local
    Feature record: CXX_FEATURE:1cxx_trailing_return_types
    Feature record: CXX_FEATURE:1cxx_unicode_literals
    Feature record: CXX_FEATURE:1cxx_uniform_initialization
    Feature record: CXX_FEATURE:1cxx_unrestricted_unions
    Feature record: CXX_FEATURE:1cxx_user_literals
    Feature record: CXX_FEATURE:1cxx_variable_templates
    Feature record: CXX_FEATURE:1cxx_variadic_macros
    Feature record: CXX_FEATURE:1cxx_variadic_templates


Detecting CXX [-std=c++11] compiler features compiled with the following output:
Change Dir: /Users/Diego/Documents/ECE - 275/Project 5/Build/CMakeFiles/CMakeTmp

Run Build Command:"/usr/bin/xcodebuild" "-project" "CMAKE_TRY_COMPILE.xcodeproj" "build" "-target" "cmTC_a662f" "-configuration" "Debug"
=== BUILD TARGET cmTC_a662f OF PROJECT CMAKE_TRY_COMPILE WITH CONFIGURATION Debug ===

Check dependencies

Write auxiliary files
/bin/mkdir -p /Users/Diego/Documents/ECE\ -\ 275/Project\ 5/Build/CMakeFiles/CMakeTmp/CMAKE_TRY_COMPILE.build/Debug/cmTC_a662f.build/Objects-normal/x86_64
write-file /Users/Diego/Documents/ECE\ -\ 275/Project\ 5/Build/CMakeFiles/CMakeTmp/CMAKE_TRY_COMPILE.build/Debug/cmTC_a662f.build/Objects-normal/x86_64/cmTC_a662f.LinkFileList

CompileC CMAKE_TRY_COMPILE.build/Debug/cmTC_a662f.build/Objects-normal/x86_64/feature_tests.o /Users/Diego/Documents/ECE\ -\ 275/Project\ 5/Build/CMakeFiles/feature_tests.cxx normal x86_64 c++ com.apple.compilers.llvm.clang.1_0.compiler
    cd "/Users/Diego/Documents/ECE - 275/Project 5/Build/CMakeFiles/CMakeTmp"
    export LANG=en_US.US-ASCII
    /Applications/Xcode.app/Contents/Developer/Toolchains/XcodeDefault.xctoolchain/usr/bin/clang -x c++ -arch x86_64 -fmessage-length=0 -fdiagnostics-show-note-include-stack -fmacro-backtrace-limit=0 -Wno-trigraphs -fpascal-strings -O0 -Wno-missing-field-initializers -Wno-missing-prototypes -Wno-return-type -Wno-non-virtual-dtor -Wno-overloaded-virtual -Wno-exit-time-destructors -Wno-missing-braces -Wparentheses -Wswitch -Wno-unused-function -Wno-unused-label -Wno-unused-parameter -Wno-unused-variable -Wunused-value -Wno-empty-body -Wno-uninitialized -Wno-unknown-pragmas -Wno-shadow -Wno-four-char-constants -Wno-conversion -Wno-constant-conversion -Wno-int-conversion -Wno-bool-conversion -Wno-enum-conversion -Wno-shorten-64-to-32 -Wno-newline-eof -Wno-c++11-extensions -DCMAKE_INTDIR=\"Debug\" -isysroot /Applications/Xcode.app/Contents/Developer/Platforms/MacOSX.platform/Developer/SDKs/MacOSX10.12.sdk -fasm-blocks -fstrict-aliasing -Wdeprecated-declarations -Winvalid-offsetof -mmacosx-version-min=10.12 -g -Wno-sign-conversion -Wno-infinite-recursion -Wno-move -I/Users/Diego/Documents/ECE\ -\ 275/Project\ 5/Build/CMakeFiles/CMakeTmp/Debug/include -I/Users/Diego/Documents/ECE\ -\ 275/Project\ 5/Build/CMakeFiles/CMakeTmp/CMAKE_TRY_COMPILE.build/Debug/cmTC_a662f.build/DerivedSources/x86_64 -I/Users/Diego/Documents/ECE\ -\ 275/Project\ 5/Build/CMakeFiles/CMakeTmp/CMAKE_TRY_COMPILE.build/Debug/cmTC_a662f.build/DerivedSources -Wmost -Wno-four-char-constants -Wno-unknown-pragmas -F/Users/Diego/Documents/ECE\ -\ 275/Project\ 5/Build/CMakeFiles/CMakeTmp/Debug -std=c++11 -MMD -MT dependencies -MF /Users/Diego/Documents/ECE\ -\ 275/Project\ 5/Build/CMakeFiles/CMakeTmp/CMAKE_TRY_COMPILE.build/Debug/cmTC_a662f.build/Objects-normal/x86_64/feature_tests.d --serialize-diagnostics /Users/Diego/Documents/ECE\ -\ 275/Project\ 5/Build/CMakeFiles/CMakeTmp/CMAKE_TRY_COMPILE.build/Debug/cmTC_a662f.build/Objects-normal/x86_64/feature_tests.dia -c /Users/Diego/Documents/ECE\ -\ 275/Project\ 5/Build/CMakeFiles/feature_tests.cxx -o /Users/Diego/Documents/ECE\ -\ 275/Project\ 5/Build/CMakeFiles/CMakeTmp/CMAKE_TRY_COMPILE.build/Debug/cmTC_a662f.build/Objects-normal/x86_64/feature_tests.o

Ld Debug/cmTC_a662f normal x86_64
    cd "/Users/Diego/Documents/ECE - 275/Project 5/Build/CMakeFiles/CMakeTmp"
    export MACOSX_DEPLOYMENT_TARGET=10.12
    /Applications/Xcode.app/Contents/Developer/Toolchains/XcodeDefault.xctoolchain/usr/bin/clang++ -arch x86_64 -isysroot /Applications/Xcode.app/Contents/Developer/Platforms/MacOSX.platform/Developer/SDKs/MacOSX10.12.sdk -L/Users/Diego/Documents/ECE\ -\ 275/Project\ 5/Build/CMakeFiles/CMakeTmp/Debug -F/Users/Diego/Documents/ECE\ -\ 275/Project\ 5/Build/CMakeFiles/CMakeTmp/Debug -filelist /Users/Diego/Documents/ECE\ -\ 275/Project\ 5/Build/CMakeFiles/CMakeTmp/CMAKE_TRY_COMPILE.build/Debug/cmTC_a662f.build/Objects-normal/x86_64/cmTC_a662f.LinkFileList -mmacosx-version-min=10.12 -Xlinker -object_path_lto -Xlinker /Users/Diego/Documents/ECE\ -\ 275/Project\ 5/Build/CMakeFiles/CMakeTmp/CMAKE_TRY_COMPILE.build/Debug/cmTC_a662f.build/Objects-normal/x86_64/cmTC_a662f_lto.o -Xlinker -no_deduplicate -Wl,-search_paths_first -Wl,-headerpad_max_install_names -Xlinker -dependency_info -Xlinker /Users/Diego/Documents/ECE\ -\ 275/Project\ 5/Build/CMakeFiles/CMakeTmp/CMAKE_TRY_COMPILE.build/Debug/cmTC_a662f.build/Objects-normal/x86_64/cmTC_a662f_dependency_info.dat -o /Users/Diego/Documents/ECE\ -\ 275/Project\ 5/Build/CMakeFiles/CMakeTmp/Debug/cmTC_a662f

** BUILD SUCCEEDED **



    Feature record: CXX_FEATURE:0cxx_aggregate_default_initializers
    Feature record: CXX_FEATURE:1cxx_alias_templates
    Feature record: CXX_FEATURE:1cxx_alignas
    Feature record: CXX_FEATURE:1cxx_alignof
    Feature record: CXX_FEATURE:1cxx_attributes
    Feature record: CXX_FEATURE:0cxx_attribute_deprecated
    Feature record: CXX_FEATURE:1cxx_auto_type
    Feature record: CXX_FEATURE:0cxx_binary_literals
    Feature record: CXX_FEATURE:1cxx_constexpr
    Feature record: CXX_FEATURE:0cxx_contextual_conversions
    Feature record: CXX_FEATURE:1cxx_decltype
    Feature record: CXX_FEATURE:0cxx_decltype_auto
    Feature record: CXX_FEATURE:1cxx_decltype_incomplete_return_types
    Feature record: CXX_FEATURE:1cxx_default_function_template_args
    Feature record: CXX_FEATURE:1cxx_defaulted_functions
    Feature record: CXX_FEATURE:1cxx_defaulted_move_initializers
    Feature record: CXX_FEATURE:1cxx_delegating_constructors
    Feature record: CXX_FEATURE:1cxx_deleted_functions
    Feature record: CXX_FEATURE:0cxx_digit_separators
    Feature record: CXX_FEATURE:1cxx_enum_forward_declarations
    Feature record: CXX_FEATURE:1cxx_explicit_conversions
    Feature record: CXX_FEATURE:1cxx_extended_friend_declarations
    Feature record: CXX_FEATURE:1cxx_extern_templates
    Feature record: CXX_FEATURE:1cxx_final
    Feature record: CXX_FEATURE:1cxx_func_identifier
    Feature record: CXX_FEATURE:1cxx_generalized_initializers
    Feature record: CXX_FEATURE:0cxx_generic_lambdas
    Feature record: CXX_FEATURE:1cxx_inheriting_constructors
    Feature record: CXX_FEATURE:1cxx_inline_namespaces
    Feature record: CXX_FEATURE:1cxx_lambdas
    Feature record: CXX_FEATURE:0cxx_lambda_init_captures
    Feature record: CXX_FEATURE:1cxx_local_type_template_args
    Feature record: CXX_FEATURE:1cxx_long_long_type
    Feature record: CXX_FEATURE:1cxx_noexcept
    Feature record: CXX_FEATURE:1cxx_nonstatic_member_init
    Feature record: CXX_FEATURE:1cxx_nullptr
    Feature record: CXX_FEATURE:1cxx_override
    Feature record: CXX_FEATURE:1cxx_range_for
    Feature record: CXX_FEATURE:1cxx_raw_string_literals
    Feature record: CXX_FEATURE:1cxx_reference_qualified_functions
    Feature record: CXX_FEATURE:0cxx_relaxed_constexpr
    Feature record: CXX_FEATURE:0cxx_return_type_deduction
    Feature record: CXX_FEATURE:1cxx_right_angle_brackets
    Feature record: CXX_FEATURE:1cxx_rvalue_references
    Feature record: CXX_FEATURE:1cxx_sizeof_member
    Feature record: CXX_FEATURE:1cxx_static_assert
    Feature record: CXX_FEATURE:1cxx_strong_enums
    Feature record: CXX_FEATURE:1cxx_template_template_parameters
    Feature record: CXX_FEATURE:1cxx_thread_local
    Feature record: CXX_FEATURE:1cxx_trailing_return_types
    Feature record: CXX_FEATURE:1cxx_unicode_literals
    Feature record: CXX_FEATURE:1cxx_uniform_initialization
    Feature record: CXX_FEATURE:1cxx_unrestricted_unions
    Feature record: CXX_FEATURE:1cxx_user_literals
    Feature record: CXX_FEATURE:0cxx_variable_templates
    Feature record: CXX_FEATURE:1cxx_variadic_macros
    Feature record: CXX_FEATURE:1cxx_variadic_templates


Detecting CXX [-std=c++98] compiler features compiled with the following output:
Change Dir: /Users/Diego/Documents/ECE - 275/Project 5/Build/CMakeFiles/CMakeTmp

Run Build Command:"/usr/bin/xcodebuild" "-project" "CMAKE_TRY_COMPILE.xcodeproj" "build" "-target" "cmTC_793e6" "-configuration" "Debug"
=== BUILD TARGET cmTC_793e6 OF PROJECT CMAKE_TRY_COMPILE WITH CONFIGURATION Debug ===

Check dependencies

Write auxiliary files
/bin/mkdir -p /Users/Diego/Documents/ECE\ -\ 275/Project\ 5/Build/CMakeFiles/CMakeTmp/CMAKE_TRY_COMPILE.build/Debug/cmTC_793e6.build/Objects-normal/x86_64
write-file /Users/Diego/Documents/ECE\ -\ 275/Project\ 5/Build/CMakeFiles/CMakeTmp/CMAKE_TRY_COMPILE.build/Debug/cmTC_793e6.build/Objects-normal/x86_64/cmTC_793e6.LinkFileList

CompileC CMAKE_TRY_COMPILE.build/Debug/cmTC_793e6.build/Objects-normal/x86_64/feature_tests.o /Users/Diego/Documents/ECE\ -\ 275/Project\ 5/Build/CMakeFiles/feature_tests.cxx normal x86_64 c++ com.apple.compilers.llvm.clang.1_0.compiler
    cd "/Users/Diego/Documents/ECE - 275/Project 5/Build/CMakeFiles/CMakeTmp"
    export LANG=en_US.US-ASCII
    /Applications/Xcode.app/Contents/Developer/Toolchains/XcodeDefault.xctoolchain/usr/bin/clang -x c++ -arch x86_64 -fmessage-length=0 -fdiagnostics-show-note-include-stack -fmacro-backtrace-limit=0 -Wno-trigraphs -fpascal-strings -O0 -Wno-missing-field-initializers -Wno-missing-prototypes -Wno-return-type -Wno-non-virtual-dtor -Wno-overloaded-virtual -Wno-exit-time-destructors -Wno-missing-braces -Wparentheses -Wswitch -Wno-unused-function -Wno-unused-label -Wno-unused-parameter -Wno-unused-variable -Wunused-value -Wno-empty-body -Wno-uninitialized -Wno-unknown-pragmas -Wno-shadow -Wno-four-char-constants -Wno-conversion -Wno-constant-conversion -Wno-int-conversion -Wno-bool-conversion -Wno-enum-conversion -Wno-shorten-64-to-32 -Wno-newline-eof -Wno-c++11-extensions -DCMAKE_INTDIR=\"Debug\" -isysroot /Applications/Xcode.app/Contents/Developer/Platforms/MacOSX.platform/Developer/SDKs/MacOSX10.12.sdk -fasm-blocks -fstrict-aliasing -Wdeprecated-declarations -Winvalid-offsetof -mmacosx-version-min=10.12 -g -Wno-sign-conversion -Wno-infinite-recursion -Wno-move -I/Users/Diego/Documents/ECE\ -\ 275/Project\ 5/Build/CMakeFiles/CMakeTmp/Debug/include -I/Users/Diego/Documents/ECE\ -\ 275/Project\ 5/Build/CMakeFiles/CMakeTmp/CMAKE_TRY_COMPILE.build/Debug/cmTC_793e6.build/DerivedSources/x86_64 -I/Users/Diego/Documents/ECE\ -\ 275/Project\ 5/Build/CMakeFiles/CMakeTmp/CMAKE_TRY_COMPILE.build/Debug/cmTC_793e6.build/DerivedSources -Wmost -Wno-four-char-constants -Wno-unknown-pragmas -F/Users/Diego/Documents/ECE\ -\ 275/Project\ 5/Build/CMakeFiles/CMakeTmp/Debug -std=c++98 -MMD -MT dependencies -MF /Users/Diego/Documents/ECE\ -\ 275/Project\ 5/Build/CMakeFiles/CMakeTmp/CMAKE_TRY_COMPILE.build/Debug/cmTC_793e6.build/Objects-normal/x86_64/feature_tests.d --serialize-diagnostics /Users/Diego/Documents/ECE\ -\ 275/Project\ 5/Build/CMakeFiles/CMakeTmp/CMAKE_TRY_COMPILE.build/Debug/cmTC_793e6.build/Objects-normal/x86_64/feature_tests.dia -c /Users/Diego/Documents/ECE\ -\ 275/Project\ 5/Build/CMakeFiles/feature_tests.cxx -o /Users/Diego/Documents/ECE\ -\ 275/Project\ 5/Build/CMakeFiles/CMakeTmp/CMAKE_TRY_COMPILE.build/Debug/cmTC_793e6.build/Objects-normal/x86_64/feature_tests.o

Ld Debug/cmTC_793e6 normal x86_64
    cd "/Users/Diego/Documents/ECE - 275/Project 5/Build/CMakeFiles/CMakeTmp"
    export MACOSX_DEPLOYMENT_TARGET=10.12
    /Applications/Xcode.app/Contents/Developer/Toolchains/XcodeDefault.xctoolchain/usr/bin/clang++ -arch x86_64 -isysroot /Applications/Xcode.app/Contents/Developer/Platforms/MacOSX.platform/Developer/SDKs/MacOSX10.12.sdk -L/Users/Diego/Documents/ECE\ -\ 275/Project\ 5/Build/CMakeFiles/CMakeTmp/Debug -F/Users/Diego/Documents/ECE\ -\ 275/Project\ 5/Build/CMakeFiles/CMakeTmp/Debug -filelist /Users/Diego/Documents/ECE\ -\ 275/Project\ 5/Build/CMakeFiles/CMakeTmp/CMAKE_TRY_COMPILE.build/Debug/cmTC_793e6.build/Objects-normal/x86_64/cmTC_793e6.LinkFileList -mmacosx-version-min=10.12 -Xlinker -object_path_lto -Xlinker /Users/Diego/Documents/ECE\ -\ 275/Project\ 5/Build/CMakeFiles/CMakeTmp/CMAKE_TRY_COMPILE.build/Debug/cmTC_793e6.build/Objects-normal/x86_64/cmTC_793e6_lto.o -Xlinker -no_deduplicate -Wl,-search_paths_first -Wl,-headerpad_max_install_names -Xlinker -dependency_info -Xlinker /Users/Diego/Documents/ECE\ -\ 275/Project\ 5/Build/CMakeFiles/CMakeTmp/CMAKE_TRY_COMPILE.build/Debug/cmTC_793e6.build/Objects-normal/x86_64/cmTC_793e6_dependency_info.dat -o /Users/Diego/Documents/ECE\ -\ 275/Project\ 5/Build/CMakeFiles/CMakeTmp/Debug/cmTC_793e6

** BUILD SUCCEEDED **



    Feature record: CXX_FEATURE:0cxx_aggregate_default_initializers
    Feature record: CXX_FEATURE:0cxx_alias_templates
    Feature record: CXX_FEATURE:0cxx_alignas
    Feature record: CXX_FEATURE:0cxx_alignof
    Feature record: CXX_FEATURE:0cxx_attributes
    Feature record: CXX_FEATURE:0cxx_attribute_deprecated
    Feature record: CXX_FEATURE:0cxx_auto_type
    Feature record: CXX_FEATURE:0cxx_binary_literals
    Feature record: CXX_FEATURE:0cxx_constexpr
    Feature record: CXX_FEATURE:0cxx_contextual_conversions
    Feature record: CXX_FEATURE:0cxx_decltype
    Feature record: CXX_FEATURE:0cxx_decltype_auto
    Feature record: CXX_FEATURE:0cxx_decltype_incomplete_return_types
    Feature record: CXX_FEATURE:0cxx_default_function_template_args
    Feature record: CXX_FEATURE:0cxx_defaulted_functions
    Feature record: CXX_FEATURE:0cxx_defaulted_move_initializers
    Feature record: CXX_FEATURE:0cxx_delegating_constructors
    Feature record: CXX_FEATURE:0cxx_deleted_functions
    Feature record: CXX_FEATURE:0cxx_digit_separators
    Feature record: CXX_FEATURE:0cxx_enum_forward_declarations
    Feature record: CXX_FEATURE:0cxx_explicit_conversions
    Feature record: CXX_FEATURE:0cxx_extended_friend_declarations
    Feature record: CXX_FEATURE:0cxx_extern_templates
    Feature record: CXX_FEATURE:0cxx_final
    Feature record: CXX_FEATURE:0cxx_func_identifier
    Feature record: CXX_FEATURE:0cxx_generalized_initializers
    Feature record: CXX_FEATURE:0cxx_generic_lambdas
    Feature record: CXX_FEATURE:0cxx_inheriting_constructors
    Feature record: CXX_FEATURE:0cxx_inline_namespaces
    Feature record: CXX_FEATURE:0cxx_lambdas
    Feature record: CXX_FEATURE:0cxx_lambda_init_captures
    Feature record: CXX_FEATURE:0cxx_local_type_template_args
    Feature record: CXX_FEATURE:0cxx_long_long_type
    Feature record: CXX_FEATURE:0cxx_noexcept
    Feature record: CXX_FEATURE:0cxx_nonstatic_member_init
    Feature record: CXX_FEATURE:0cxx_nullptr
    Feature record: CXX_FEATURE:0cxx_override
    Feature record: CXX_FEATURE:0cxx_range_for
    Feature record: CXX_FEATURE:0cxx_raw_string_literals
    Feature record: CXX_FEATURE:0cxx_reference_qualified_functions
    Feature record: CXX_FEATURE:0cxx_relaxed_constexpr
    Feature record: CXX_FEATURE:0cxx_return_type_deduction
    Feature record: CXX_FEATURE:0cxx_right_angle_brackets
    Feature record: CXX_FEATURE:0cxx_rvalue_references
    Feature record: CXX_FEATURE:0cxx_sizeof_member
    Feature record: CXX_FEATURE:0cxx_static_assert
    Feature record: CXX_FEATURE:0cxx_strong_enums
    Feature record: CXX_FEATURE:1cxx_template_template_parameters
    Feature record: CXX_FEATURE:0cxx_thread_local
    Feature record: CXX_FEATURE:0cxx_trailing_return_types
    Feature record: CXX_FEATURE:0cxx_unicode_literals
    Feature record: CXX_FEATURE:0cxx_uniform_initialization
    Feature record: CXX_FEATURE:0cxx_unrestricted_unions
    Feature record: CXX_FEATURE:0cxx_user_literals
    Feature record: CXX_FEATURE:0cxx_variable_templates
    Feature record: CXX_FEATURE:0cxx_variadic_macros
    Feature record: CXX_FEATURE:0cxx_variadic_templates
